#
# There is insufficient memory for the Java Runtime Environment to continue.
# Native memory allocation (malloc) failed to allocate 294992 bytes. Error detail: Chunk::new
# Possible reasons:
#   The system is out of physical RAM or swap space
#   This process is running with CompressedOops enabled, and the Java Heap may be blocking the growth of the native heap
# Possible solutions:
#   Reduce memory load on the system
#   Increase physical memory or swap space
#   Check if swap backing store is full
#   Decrease Java heap size (-Xmx/-Xms)
#   Decrease number of Java threads
#   Decrease Java thread stack sizes (-Xss)
#   Set larger code cache with -XX:ReservedCodeCacheSize=
#   JVM is running with Unscaled Compressed Oops mode in which the Java heap is
#     placed in the first 4GB address space. The Java Heap base address is the
#     maximum limit for the native heap growth. Please use -XX:HeapBaseMinAddress
#     to set the Java Heap base and to place the Java Heap above 4GB virtual address.
# This output file may be truncated or incomplete.
#
#  Out of Memory Error (arena.cpp:168), pid=14892, tid=2904
#
# JRE version: OpenJDK Runtime Environment (21.0.6) (build 21.0.6+-13368085-b895.109)
# Java VM: OpenJDK 64-Bit Server VM (21.0.6+-13368085-b895.109, mixed mode, tiered, compressed oops, compressed class ptrs, g1 gc, windows-amd64)
# No core dump will be written. Minidumps are not enabled by default on client versions of Windows
#

---------------  S U M M A R Y ------------

Command Line: --add-opens=java.base/java.lang=ALL-UNNAMED --add-opens=java.base/java.lang.invoke=ALL-UNNAMED --add-opens=java.base/java.util=ALL-UNNAMED --add-opens=java.prefs/java.util.prefs=ALL-UNNAMED --add-exports=jdk.compiler/com.sun.tools.javac.api=ALL-UNNAMED --add-exports=jdk.compiler/com.sun.tools.javac.util=ALL-UNNAMED --add-opens=java.base/java.util=ALL-UNNAMED --add-opens=java.prefs/java.util.prefs=ALL-UNNAMED --add-opens=java.base/java.nio.charset=ALL-UNNAMED --add-opens=java.base/java.net=ALL-UNNAMED --add-opens=java.base/java.util.concurrent.atomic=ALL-UNNAMED --add-opens=java.xml/javax.xml.namespace=ALL-UNNAMED -Xmx2048m -Dfile.encoding=UTF-8 -Duser.country=US -Duser.language=en -Duser.variant -javaagent:C:\Users\thero\.gradle\wrapper\dists\gradle-8.11.1-bin\bpt9gzteqjrbo1mjrsomdt32c\gradle-8.11.1\lib\agents\gradle-instrumentation-agent-8.11.1.jar org.gradle.launcher.daemon.bootstrap.GradleDaemon 8.11.1

Host: Intel(R) Core(TM) i5-8250U CPU @ 1.60GHz, 8 cores, 7G,  Windows 11 , 64 bit Build 26100 (10.0.26100.7920)
Time: Fri Mar 27 02:13:40 2026 India Standard Time elapsed time: 4.336606 seconds (0d 0h 0m 4s)

---------------  T H R E A D  ---------------

Current thread (0x000001c5f1ff71a0):  JavaThread "C2 CompilerThread1" daemon [_thread_in_native, id=2904, stack(0x0000006e96400000,0x0000006e96500000) (1024K)]


Current CompileTask:
C2:4336 4733 %     4       org.gradle.internal.logging.text.AbstractLineChoppingStyledTextOutput::doAppend @ 10 (43 bytes)

Stack: [0x0000006e96400000,0x0000006e96500000]
Native frames: (J=compiled Java code, j=interpreted, Vv=VM code, C=native code)
V  [jvm.dll+0x6d0639]
V  [jvm.dll+0x85eb03]
V  [jvm.dll+0x86105e]
V  [jvm.dll+0x861743]
V  [jvm.dll+0x27e6e6]
V  [jvm.dll+0xbff6d]
V  [jvm.dll+0xc04a3]
V  [jvm.dll+0x3b61ab]
V  [jvm.dll+0x3820c7]
V  [jvm.dll+0x38153a]
V  [jvm.dll+0x247c82]
V  [jvm.dll+0x247251]
V  [jvm.dll+0x1c5f04]
V  [jvm.dll+0x2569ac]
V  [jvm.dll+0x254ef6]
V  [jvm.dll+0x3f0e96]
V  [jvm.dll+0x806ed8]
V  [jvm.dll+0x6cef0d]
C  [ucrtbase.dll+0x37b0]
C  [KERNEL32.DLL+0x2e8d7]
C  [ntdll.dll+0x8c48c]


---------------  P R O C E S S  ---------------

Threads class SMR info:
_java_thread_list=0x000001c5f31a0d20, length=40, elements={
0x000001c5d4609c50, 0x000001c5f0044fe0, 0x000001c5f0078d90, 0x000001c5f008be90,
0x000001c5f008d790, 0x000001c5f0097ef0, 0x000001c5f009a020, 0x000001c5f00a2a80,
0x000001c5f00a8220, 0x000001c5f00da870, 0x000001c5f03a89b0, 0x000001c5f1ff71a0,
0x000001c5f1f47200, 0x000001c5f1ef35f0, 0x000001c5f20a1300, 0x000001c5f22465e0,
0x000001c5f1f7f500, 0x000001c5f21115e0, 0x000001c5f2112c60, 0x000001c5f21248d0,
0x000001c5f1edfb80, 0x000001c5f1ee0210, 0x000001c5f1ee08a0, 0x000001c5f1ede140,
0x000001c5f1ee0f30, 0x000001c5f3453b60, 0x000001c5f1edee60, 0x000001c5f1edf4f0,
0x000001c5f3868650, 0x000001c5f386a090, 0x000001c5f3869370, 0x000001c5f3866c10,
0x000001c5f386a720, 0x000001c5f38672a0, 0x000001c5f386adb0, 0x000001c5f3868ce0,
0x000001c5f3867930, 0x000001c5f386b440, 0x000001c5f3867fc0, 0x000001c5f386bad0
}

Java Threads: ( => current thread )
  0x000001c5d4609c50 JavaThread "main"                              [_thread_blocked, id=18212, stack(0x0000006e94c00000,0x0000006e94d00000) (1024K)]
  0x000001c5f0044fe0 JavaThread "Reference Handler"          daemon [_thread_blocked, id=11604, stack(0x0000006e95400000,0x0000006e95500000) (1024K)]
  0x000001c5f0078d90 JavaThread "Finalizer"                  daemon [_thread_blocked, id=14472, stack(0x0000006e95500000,0x0000006e95600000) (1024K)]
  0x000001c5f008be90 JavaThread "Signal Dispatcher"          daemon [_thread_blocked, id=14776, stack(0x0000006e95600000,0x0000006e95700000) (1024K)]
  0x000001c5f008d790 JavaThread "Attach Listener"            daemon [_thread_blocked, id=16980, stack(0x0000006e95700000,0x0000006e95800000) (1024K)]
  0x000001c5f0097ef0 JavaThread "Service Thread"             daemon [_thread_blocked, id=11252, stack(0x0000006e95800000,0x0000006e95900000) (1024K)]
  0x000001c5f009a020 JavaThread "Monitor Deflation Thread"   daemon [_thread_blocked, id=18000, stack(0x0000006e95900000,0x0000006e95a00000) (1024K)]
  0x000001c5f00a2a80 JavaThread "C2 CompilerThread0"         daemon [_thread_blocked, id=15848, stack(0x0000006e95a00000,0x0000006e95b00000) (1024K)]
  0x000001c5f00a8220 JavaThread "C1 CompilerThread0"         daemon [_thread_blocked, id=12476, stack(0x0000006e95b00000,0x0000006e95c00000) (1024K)]
  0x000001c5f00da870 JavaThread "Common-Cleaner"             daemon [_thread_blocked, id=15792, stack(0x0000006e95c00000,0x0000006e95d00000) (1024K)]
  0x000001c5f03a89b0 JavaThread "Notification Thread"        daemon [_thread_blocked, id=15588, stack(0x0000006e95d00000,0x0000006e95e00000) (1024K)]
=>0x000001c5f1ff71a0 JavaThread "C2 CompilerThread1"         daemon [_thread_in_native, id=2904, stack(0x0000006e96400000,0x0000006e96500000) (1024K)]
  0x000001c5f1f47200 JavaThread "Daemon health stats"               [_thread_blocked, id=10836, stack(0x0000006e96500000,0x0000006e96600000) (1024K)]
  0x000001c5f1ef35f0 JavaThread "Incoming local TCP Connector on port 64889"        [_thread_in_native, id=18148, stack(0x0000006e96600000,0x0000006e96700000) (1024K)]
  0x000001c5f20a1300 JavaThread "Daemon periodic checks"            [_thread_blocked, id=14000, stack(0x0000006e96700000,0x0000006e96800000) (1024K)]
  0x000001c5f22465e0 JavaThread "Daemon"                            [_thread_blocked, id=12032, stack(0x0000006e96800000,0x0000006e96900000) (1024K)]
  0x000001c5f1f7f500 JavaThread "Handler for socket connection from /127.0.0.1:64889 to /127.0.0.1:64890"        [_thread_in_native, id=15232, stack(0x0000006e96900000,0x0000006e96a00000) (1024K)]
  0x000001c5f21115e0 JavaThread "Cancel handler"                    [_thread_blocked, id=15372, stack(0x0000006e96a00000,0x0000006e96b00000) (1024K)]
  0x000001c5f2112c60 JavaThread "Daemon worker"                     [_thread_in_vm, id=15608, stack(0x0000006e96b00000,0x0000006e96c00000) (1024K)]
  0x000001c5f21248d0 JavaThread "Asynchronous log dispatcher for DefaultDaemonConnection: socket connection from /127.0.0.1:64889 to /127.0.0.1:64890"        [_thread_blocked, id=12804, stack(0x0000006e96c00000,0x0000006e96d00000) (1024K)]
  0x000001c5f1edfb80 JavaThread "Stdin handler"                     [_thread_blocked, id=18284, stack(0x0000006e96d00000,0x0000006e96e00000) (1024K)]
  0x000001c5f1ee0210 JavaThread "Daemon client event forwarder"        [_thread_blocked, id=2224, stack(0x0000006e96e00000,0x0000006e96f00000) (1024K)]
  0x000001c5f1ee08a0 JavaThread "Cache worker for journal cache (C:\Users\thero\.gradle\caches\journal-1)"        [_thread_blocked, id=4960, stack(0x0000006e97100000,0x0000006e97200000) (1024K)]
  0x000001c5f1ede140 JavaThread "File lock request listener"        [_thread_in_native, id=12728, stack(0x0000006e97200000,0x0000006e97300000) (1024K)]
  0x000001c5f1ee0f30 JavaThread "Cache worker for file hash cache (C:\Users\thero\.gradle\caches\8.11.1\fileHashes)"        [_thread_blocked, id=15052, stack(0x0000006e97300000,0x0000006e97400000) (1024K)]
  0x000001c5f3453b60 JavaThread "C2 CompilerThread2"         daemon [_thread_blocked, id=17156, stack(0x0000006e97400000,0x0000006e97500000) (1024K)]
  0x000001c5f1edee60 JavaThread "Cache worker for file content cache (C:\Users\thero\.gradle\caches\8.11.1\fileContent)"        [_thread_blocked, id=9784, stack(0x0000006e97500000,0x0000006e97600000) (1024K)]
  0x000001c5f1edf4f0 JavaThread "Cache worker for file hash cache (C:\Users\thero\LocationTrac\.gradle\8.11.1\fileHashes)"        [_thread_blocked, id=17860, stack(0x0000006e97600000,0x0000006e97700000) (1024K)]
  0x000001c5f3868650 JavaThread "File watcher server"        daemon [_thread_in_native, id=2700, stack(0x0000006e97800000,0x0000006e97900000) (1024K)]
  0x000001c5f386a090 JavaThread "File watcher consumer"      daemon [_thread_blocked, id=10028, stack(0x0000006e97900000,0x0000006e97a00000) (1024K)]
  0x000001c5f3869370 JavaThread "jar transforms"                    [_thread_blocked, id=12180, stack(0x0000006e97a00000,0x0000006e97b00000) (1024K)]
  0x000001c5f3866c10 JavaThread "jar transforms Thread 2"           [_thread_blocked, id=16860, stack(0x0000006e97b00000,0x0000006e97c00000) (1024K)]
  0x000001c5f386a720 JavaThread "jar transforms Thread 3"           [_thread_blocked, id=5296, stack(0x0000006e97c00000,0x0000006e97d00000) (1024K)]
  0x000001c5f38672a0 JavaThread "jar transforms Thread 4"           [_thread_blocked, id=7496, stack(0x0000006e97d00000,0x0000006e97e00000) (1024K)]
  0x000001c5f386adb0 JavaThread "jar transforms Thread 5"           [_thread_blocked, id=18072, stack(0x0000006e97e00000,0x0000006e97f00000) (1024K)]
  0x000001c5f3868ce0 JavaThread "jar transforms Thread 6"           [_thread_blocked, id=14160, stack(0x0000006e97f00000,0x0000006e98000000) (1024K)]
  0x000001c5f3867930 JavaThread "jar transforms Thread 7"           [_thread_blocked, id=11196, stack(0x0000006e98000000,0x0000006e98100000) (1024K)]
  0x000001c5f386b440 JavaThread "jar transforms Thread 8"           [_thread_blocked, id=2092, stack(0x0000006e98100000,0x0000006e98200000) (1024K)]
  0x000001c5f3867fc0 JavaThread "Cache worker for checksums cache (C:\Users\thero\LocationTrac\.gradle\8.11.1\checksums)"        [_thread_blocked, id=11576, stack(0x0000006e98200000,0x0000006e98300000) (1024K)]
  0x000001c5f386bad0 JavaThread "DisconnectableInputStream source reader" daemon [_thread_blocked, id=5200, stack(0x0000006e97700000,0x0000006e97800000) (1024K)]
Total: 40

Other Threads:
  0x000001c5ebd1a690 VMThread "VM Thread"                           [id=5704, stack(0x0000006e95300000,0x0000006e95400000) (1024K)]
  0x000001c5ebcb3c00 WatcherThread "VM Periodic Task Thread"        [id=5644, stack(0x0000006e95200000,0x0000006e95300000) (1024K)]
  0x000001c5d4661c40 WorkerThread "GC Thread#0"                     [id=14692, stack(0x0000006e94d00000,0x0000006e94e00000) (1024K)]
  0x000001c5f07a04f0 WorkerThread "GC Thread#1"                     [id=14016, stack(0x0000006e96000000,0x0000006e96100000) (1024K)]
  0x000001c5f08f3440 WorkerThread "GC Thread#2"                     [id=3896, stack(0x0000006e96100000,0x0000006e96200000) (1024K)]
  0x000001c5f115a360 WorkerThread "GC Thread#3"                     [id=5432, stack(0x0000006e96200000,0x0000006e96300000) (1024K)]
  0x000001c5f132cc20 WorkerThread "GC Thread#4"                     [id=11068, stack(0x0000006e96300000,0x0000006e96400000) (1024K)]
  0x000001c5f203c820 WorkerThread "GC Thread#5"                     [id=16380, stack(0x0000006e95e00000,0x0000006e95f00000) (1024K)]
  0x000001c5f12e8360 WorkerThread "GC Thread#6"                     [id=15368, stack(0x0000006e95f00000,0x0000006e96000000) (1024K)]
  0x000001c5f1ffb0a0 WorkerThread "GC Thread#7"                     [id=10100, stack(0x0000006e96f00000,0x0000006e97000000) (1024K)]
  0x000001c5d4672b30 ConcurrentGCThread "G1 Main Marker"            [id=3080, stack(0x0000006e94e00000,0x0000006e94f00000) (1024K)]
  0x000001c5d4674380 WorkerThread "G1 Conc#0"                       [id=12368, stack(0x0000006e94f00000,0x0000006e95000000) (1024K)]
  0x000001c5f1ff9e80 WorkerThread "G1 Conc#1"                       [id=10824, stack(0x0000006e97000000,0x0000006e97100000) (1024K)]
  0x000001c5d46ce510 ConcurrentGCThread "G1 Refine#0"               [id=18260, stack(0x0000006e95000000,0x0000006e95100000) (1024K)]
  0x000001c5ebb781b0 ConcurrentGCThread "G1 Service"                [id=16960, stack(0x0000006e95100000,0x0000006e95200000) (1024K)]
Total: 15

Threads with active compile tasks:
C2 CompilerThread1  4366 4733 %     4       org.gradle.internal.logging.text.AbstractLineChoppingStyledTextOutput::doAppend @ 10 (43 bytes)
Total: 1

VM state: not at safepoint (normal execution)

VM Mutex/Monitor currently owned by a thread: None

OutOfMemory and StackOverflow Exception counts:
OutOfMemoryError java_heap_errors=1
LinkageErrors=187

Heap address: 0x0000000080000000, size: 2048 MB, Compressed Oops mode: 32-bit

CDS archive(s) not mapped
Compressed class space mapped at: 0x0000000100000000-0x0000000140000000, reserved size: 1073741824
Narrow klass base: 0x0000000000000000, Narrow klass shift: 3, Narrow klass range: 0x140000000

GC Precious Log:
 CardTable entry size: 512
 Card Set container configuration: InlinePtr #cards 5 size 8 Array Of Cards #cards 12 size 40 Howl #buckets 4 coarsen threshold 1843 Howl Bitmap #cards 512 size 80 coarsen threshold 460 Card regions per heap region 1 cards per card region 2048
 CPUs: 8 total, 8 available
 Memory: 8066M
 Large Page Support: Disabled
 NUMA Support: Disabled
 Compressed Oops: Enabled (32-bit)
 Heap Region Size: 1M
 Heap Min Capacity: 8M
 Heap Initial Capacity: 128M
 Heap Max Capacity: 2G
 Pre-touch: Disabled
 Parallel Workers: 8
 Concurrent Workers: 2
 Concurrent Refinement Workers: 8
 Periodic GC: Disabled

Heap:
 garbage-first heap   total 121856K, used 60005K [0x0000000080000000, 0x0000000100000000)
  region size 1024K, 7 young (7168K), 3 survivors (3072K)
 Metaspace       used 50395K, committed 51648K, reserved 1114112K
  class space    used 6812K, committed 7424K, reserved 1048576K

Heap Regions: E=young(eden), S=young(survivor), O=old, HS=humongous(starts), HC=humongous(continues), CS=collection set, F=free, TAMS=top-at-mark-start, PB=parsable bottom
|   0|0x0000000080000000, 0x0000000080100000, 0x0000000080100000|100%| O|  |TAMS 0x0000000080000000| PB 0x0000000080000000| Untracked 
|   1|0x0000000080100000, 0x0000000080200000, 0x0000000080200000|100%|HS|  |TAMS 0x0000000080100000| PB 0x0000000080100000| Complete 
|   2|0x0000000080200000, 0x0000000080300000, 0x0000000080300000|100%|HC|  |TAMS 0x0000000080200000| PB 0x0000000080200000| Complete 
|   3|0x0000000080300000, 0x0000000080400000, 0x0000000080400000|100%|HC|  |TAMS 0x0000000080300000| PB 0x0000000080300000| Complete 
|   4|0x0000000080400000, 0x0000000080500000, 0x0000000080500000|100%| O|  |TAMS 0x0000000080400000| PB 0x0000000080400000| Untracked 
|   5|0x0000000080500000, 0x0000000080600000, 0x0000000080600000|100%| O|  |TAMS 0x0000000080500000| PB 0x0000000080500000| Untracked 
|   6|0x0000000080600000, 0x0000000080700000, 0x0000000080700000|100%| O|  |TAMS 0x0000000080600000| PB 0x0000000080600000| Untracked 
|   7|0x0000000080700000, 0x0000000080800000, 0x0000000080800000|100%|HS|  |TAMS 0x0000000080700000| PB 0x0000000080700000| Complete 
|   8|0x0000000080800000, 0x0000000080900000, 0x0000000080900000|100%| O|  |TAMS 0x0000000080800000| PB 0x0000000080800000| Untracked 
|   9|0x0000000080900000, 0x0000000080a00000, 0x0000000080a00000|100%| O|  |TAMS 0x0000000080900000| PB 0x0000000080900000| Untracked 
|  10|0x0000000080a00000, 0x0000000080b00000, 0x0000000080b00000|100%| O|  |TAMS 0x0000000080a00000| PB 0x0000000080a00000| Untracked 
|  11|0x0000000080b00000, 0x0000000080c00000, 0x0000000080c00000|100%| O|  |TAMS 0x0000000080b00000| PB 0x0000000080b00000| Untracked 
|  12|0x0000000080c00000, 0x0000000080d00000, 0x0000000080d00000|100%| O|  |TAMS 0x0000000080c00000| PB 0x0000000080c00000| Untracked 
|  13|0x0000000080d00000, 0x0000000080e00000, 0x0000000080e00000|100%|HS|  |TAMS 0x0000000080d00000| PB 0x0000000080d00000| Complete 
|  14|0x0000000080e00000, 0x0000000080f00000, 0x0000000080f00000|100%|HC|  |TAMS 0x0000000080e00000| PB 0x0000000080e00000| Complete 
|  15|0x0000000080f00000, 0x0000000081000000, 0x0000000081000000|100%|HC|  |TAMS 0x0000000080f00000| PB 0x0000000080f00000| Complete 
|  16|0x0000000081000000, 0x0000000081100000, 0x0000000081100000|100%|HC|  |TAMS 0x0000000081000000| PB 0x0000000081000000| Complete 
|  17|0x0000000081100000, 0x0000000081200000, 0x0000000081200000|100%|HC|  |TAMS 0x0000000081100000| PB 0x0000000081100000| Complete 
|  18|0x0000000081200000, 0x0000000081300000, 0x0000000081300000|100%|HC|  |TAMS 0x0000000081200000| PB 0x0000000081200000| Complete 
|  19|0x0000000081300000, 0x0000000081400000, 0x0000000081400000|100%| O|  |TAMS 0x0000000081300000| PB 0x0000000081300000| Untracked 
|  20|0x0000000081400000, 0x0000000081500000, 0x0000000081500000|100%| O|  |TAMS 0x0000000081400000| PB 0x0000000081400000| Untracked 
|  21|0x0000000081500000, 0x0000000081600000, 0x0000000081600000|100%|HS|  |TAMS 0x0000000081500000| PB 0x0000000081500000| Complete 
|  22|0x0000000081600000, 0x0000000081700000, 0x0000000081700000|100%|HC|  |TAMS 0x0000000081600000| PB 0x0000000081600000| Complete 
|  23|0x0000000081700000, 0x0000000081800000, 0x0000000081800000|100%| O|  |TAMS 0x0000000081700000| PB 0x0000000081700000| Untracked 
|  24|0x0000000081800000, 0x0000000081900000, 0x0000000081900000|100%|HS|  |TAMS 0x0000000081800000| PB 0x0000000081800000| Complete 
|  25|0x0000000081900000, 0x0000000081a00000, 0x0000000081a00000|100%| O|  |TAMS 0x0000000081900000| PB 0x0000000081900000| Untracked 
|  26|0x0000000081a00000, 0x0000000081b00000, 0x0000000081b00000|100%| O|  |TAMS 0x0000000081a00000| PB 0x0000000081a00000| Untracked 
|  27|0x0000000081b00000, 0x0000000081c00000, 0x0000000081c00000|100%| O|  |TAMS 0x0000000081b00000| PB 0x0000000081b00000| Untracked 
|  28|0x0000000081c00000, 0x0000000081d00000, 0x0000000081d00000|100%| O|  |TAMS 0x0000000081c00000| PB 0x0000000081c00000| Untracked 
|  29|0x0000000081d00000, 0x0000000081e00000, 0x0000000081e00000|100%| O|  |TAMS 0x0000000081d00000| PB 0x0000000081d00000| Untracked 
|  30|0x0000000081e00000, 0x0000000081f00000, 0x0000000081f00000|100%|HS|  |TAMS 0x0000000081e00000| PB 0x0000000081e00000| Complete 
|  31|0x0000000081f00000, 0x0000000082000000, 0x0000000082000000|100%|HC|  |TAMS 0x0000000081f00000| PB 0x0000000081f00000| Complete 
|  32|0x0000000082000000, 0x0000000082100000, 0x0000000082100000|100%|HC|  |TAMS 0x0000000082000000| PB 0x0000000082000000| Complete 
|  33|0x0000000082100000, 0x0000000082200000, 0x0000000082200000|100%|HC|  |TAMS 0x0000000082100000| PB 0x0000000082100000| Complete 
|  34|0x0000000082200000, 0x0000000082300000, 0x0000000082300000|100%| O|  |TAMS 0x0000000082200000| PB 0x0000000082200000| Untracked 
|  35|0x0000000082300000, 0x0000000082400000, 0x0000000082400000|100%| O|  |TAMS 0x0000000082300000| PB 0x0000000082300000| Untracked 
|  36|0x0000000082400000, 0x0000000082500000, 0x0000000082500000|100%| O|  |TAMS 0x0000000082400000| PB 0x0000000082400000| Untracked 
|  37|0x0000000082500000, 0x0000000082600000, 0x0000000082600000|100%| O|  |TAMS 0x0000000082500000| PB 0x0000000082500000| Untracked 
|  38|0x0000000082600000, 0x0000000082700000, 0x0000000082700000|100%| O|  |TAMS 0x0000000082600000| PB 0x0000000082600000| Untracked 
|  39|0x0000000082700000, 0x0000000082800000, 0x0000000082800000|100%| O|  |TAMS 0x0000000082700000| PB 0x0000000082700000| Untracked 
|  40|0x0000000082800000, 0x0000000082900000, 0x0000000082900000|100%| O|  |TAMS 0x0000000082800000| PB 0x0000000082800000| Untracked 
|  41|0x0000000082900000, 0x0000000082a00000, 0x0000000082a00000|100%| O|  |TAMS 0x0000000082900000| PB 0x0000000082900000| Untracked 
|  42|0x0000000082a00000, 0x0000000082b00000, 0x0000000082b00000|100%| O|  |TAMS 0x0000000082a00000| PB 0x0000000082a00000| Untracked 
|  43|0x0000000082b00000, 0x0000000082b99510, 0x0000000082c00000| 59%| O|  |TAMS 0x0000000082b00000| PB 0x0000000082b00000| Untracked 
|  44|0x0000000082c00000, 0x0000000082d00000, 0x0000000082d00000|100%|HS|  |TAMS 0x0000000082c00000| PB 0x0000000082c00000| Complete 
|  45|0x0000000082d00000, 0x0000000082e00000, 0x0000000082e00000|100%|HS|  |TAMS 0x0000000082d00000| PB 0x0000000082d00000| Complete 
|  46|0x0000000082e00000, 0x0000000082f00000, 0x0000000082f00000|100%|HC|  |TAMS 0x0000000082e00000| PB 0x0000000082e00000| Complete 
|  47|0x0000000082f00000, 0x0000000082f00000, 0x0000000083000000|  0%| F|  |TAMS 0x0000000082f00000| PB 0x0000000082f00000| Untracked 
|  48|0x0000000083000000, 0x0000000083000000, 0x0000000083100000|  0%| F|  |TAMS 0x0000000083000000| PB 0x0000000083000000| Untracked 
|  49|0x0000000083100000, 0x0000000083100000, 0x0000000083200000|  0%| F|  |TAMS 0x0000000083100000| PB 0x0000000083100000| Untracked 
|  50|0x0000000083200000, 0x0000000083200000, 0x0000000083300000|  0%| F|  |TAMS 0x0000000083200000| PB 0x0000000083200000| Untracked 
|  51|0x0000000083300000, 0x0000000083300000, 0x0000000083400000|  0%| F|  |TAMS 0x0000000083300000| PB 0x0000000083300000| Untracked 
|  52|0x0000000083400000, 0x0000000083400000, 0x0000000083500000|  0%| F|  |TAMS 0x0000000083400000| PB 0x0000000083400000| Untracked 
|  53|0x0000000083500000, 0x0000000083500000, 0x0000000083600000|  0%| F|  |TAMS 0x0000000083500000| PB 0x0000000083500000| Untracked 
|  54|0x0000000083600000, 0x0000000083600000, 0x0000000083700000|  0%| F|  |TAMS 0x0000000083600000| PB 0x0000000083600000| Untracked 
|  55|0x0000000083700000, 0x0000000083700000, 0x0000000083800000|  0%| F|  |TAMS 0x0000000083700000| PB 0x0000000083700000| Untracked 
|  56|0x0000000083800000, 0x0000000083800000, 0x0000000083900000|  0%| F|  |TAMS 0x0000000083800000| PB 0x0000000083800000| Untracked 
|  57|0x0000000083900000, 0x0000000083900000, 0x0000000083a00000|  0%| F|  |TAMS 0x0000000083900000| PB 0x0000000083900000| Untracked 
|  58|0x0000000083a00000, 0x0000000083a00000, 0x0000000083b00000|  0%| F|  |TAMS 0x0000000083a00000| PB 0x0000000083a00000| Untracked 
|  59|0x0000000083b00000, 0x0000000083b00000, 0x0000000083c00000|  0%| F|  |TAMS 0x0000000083b00000| PB 0x0000000083b00000| Untracked 
|  60|0x0000000083c00000, 0x0000000083c00000, 0x0000000083d00000|  0%| F|  |TAMS 0x0000000083c00000| PB 0x0000000083c00000| Untracked 
|  61|0x0000000083d00000, 0x0000000083d00000, 0x0000000083e00000|  0%| F|  |TAMS 0x0000000083d00000| PB 0x0000000083d00000| Untracked 
|  62|0x0000000083e00000, 0x0000000083e00000, 0x0000000083f00000|  0%| F|  |TAMS 0x0000000083e00000| PB 0x0000000083e00000| Untracked 
|  63|0x0000000083f00000, 0x0000000083f00000, 0x0000000084000000|  0%| F|  |TAMS 0x0000000083f00000| PB 0x0000000083f00000| Untracked 
|  64|0x0000000084000000, 0x0000000084000000, 0x0000000084100000|  0%| F|  |TAMS 0x0000000084000000| PB 0x0000000084000000| Untracked 
|  65|0x0000000084100000, 0x0000000084100000, 0x0000000084200000|  0%| F|  |TAMS 0x0000000084100000| PB 0x0000000084100000| Untracked 
|  66|0x0000000084200000, 0x0000000084200000, 0x0000000084300000|  0%| F|  |TAMS 0x0000000084200000| PB 0x0000000084200000| Untracked 
|  67|0x0000000084300000, 0x0000000084300000, 0x0000000084400000|  0%| F|  |TAMS 0x0000000084300000| PB 0x0000000084300000| Untracked 
|  68|0x0000000084400000, 0x0000000084400000, 0x0000000084500000|  0%| F|  |TAMS 0x0000000084400000| PB 0x0000000084400000| Untracked 
|  69|0x0000000084500000, 0x0000000084500000, 0x0000000084600000|  0%| F|  |TAMS 0x0000000084500000| PB 0x0000000084500000| Untracked 
|  70|0x0000000084600000, 0x0000000084600000, 0x0000000084700000|  0%| F|  |TAMS 0x0000000084600000| PB 0x0000000084600000| Untracked 
|  71|0x0000000084700000, 0x0000000084800000, 0x0000000084800000|100%| S|CS|TAMS 0x0000000084700000| PB 0x0000000084700000| Complete 
|  72|0x0000000084800000, 0x0000000084900000, 0x0000000084900000|100%| S|CS|TAMS 0x0000000084800000| PB 0x0000000084800000| Complete 
|  73|0x0000000084900000, 0x0000000084a00000, 0x0000000084a00000|100%| S|CS|TAMS 0x0000000084900000| PB 0x0000000084900000| Complete 
|  74|0x0000000084a00000, 0x0000000084a00000, 0x0000000084b00000|  0%| F|  |TAMS 0x0000000084a00000| PB 0x0000000084a00000| Untracked 
|  75|0x0000000084b00000, 0x0000000084b00000, 0x0000000084c00000|  0%| F|  |TAMS 0x0000000084b00000| PB 0x0000000084b00000| Untracked 
|  76|0x0000000084c00000, 0x0000000084c00000, 0x0000000084d00000|  0%| F|  |TAMS 0x0000000084c00000| PB 0x0000000084c00000| Untracked 
|  77|0x0000000084d00000, 0x0000000084d00000, 0x0000000084e00000|  0%| F|  |TAMS 0x0000000084d00000| PB 0x0000000084d00000| Untracked 
|  78|0x0000000084e00000, 0x0000000084e00000, 0x0000000084f00000|  0%| F|  |TAMS 0x0000000084e00000| PB 0x0000000084e00000| Untracked 
|  79|0x0000000084f00000, 0x0000000084f00000, 0x0000000085000000|  0%| F|  |TAMS 0x0000000084f00000| PB 0x0000000084f00000| Untracked 
|  80|0x0000000085000000, 0x0000000085000000, 0x0000000085100000|  0%| F|  |TAMS 0x0000000085000000| PB 0x0000000085000000| Untracked 
|  81|0x0000000085100000, 0x0000000085100000, 0x0000000085200000|  0%| F|  |TAMS 0x0000000085100000| PB 0x0000000085100000| Untracked 
|  82|0x0000000085200000, 0x0000000085200000, 0x0000000085300000|  0%| F|  |TAMS 0x0000000085200000| PB 0x0000000085200000| Untracked 
|  83|0x0000000085300000, 0x0000000085300000, 0x0000000085400000|  0%| F|  |TAMS 0x0000000085300000| PB 0x0000000085300000| Untracked 
|  84|0x0000000085400000, 0x0000000085400000, 0x0000000085500000|  0%| F|  |TAMS 0x0000000085400000| PB 0x0000000085400000| Untracked 
|  85|0x0000000085500000, 0x0000000085500000, 0x0000000085600000|  0%| F|  |TAMS 0x0000000085500000| PB 0x0000000085500000| Untracked 
|  86|0x0000000085600000, 0x0000000085600000, 0x0000000085700000|  0%| F|  |TAMS 0x0000000085600000| PB 0x0000000085600000| Untracked 
|  87|0x0000000085700000, 0x0000000085700000, 0x0000000085800000|  0%| F|  |TAMS 0x0000000085700000| PB 0x0000000085700000| Untracked 
|  88|0x0000000085800000, 0x0000000085800000, 0x0000000085900000|  0%| F|  |TAMS 0x0000000085800000| PB 0x0000000085800000| Untracked 
|  89|0x0000000085900000, 0x0000000085900000, 0x0000000085a00000|  0%| F|  |TAMS 0x0000000085900000| PB 0x0000000085900000| Untracked 
|  90|0x0000000085a00000, 0x0000000085a00000, 0x0000000085b00000|  0%| F|  |TAMS 0x0000000085a00000| PB 0x0000000085a00000| Untracked 
|  91|0x0000000085b00000, 0x0000000085b00000, 0x0000000085c00000|  0%| F|  |TAMS 0x0000000085b00000| PB 0x0000000085b00000| Untracked 
|  92|0x0000000085c00000, 0x0000000085c00000, 0x0000000085d00000|  0%| F|  |TAMS 0x0000000085c00000| PB 0x0000000085c00000| Untracked 
|  93|0x0000000085d00000, 0x0000000085d00000, 0x0000000085e00000|  0%| F|  |TAMS 0x0000000085d00000| PB 0x0000000085d00000| Untracked 
|  94|0x0000000085e00000, 0x0000000085e00000, 0x0000000085f00000|  0%| F|  |TAMS 0x0000000085e00000| PB 0x0000000085e00000| Untracked 
|  95|0x0000000085f00000, 0x0000000085f00000, 0x0000000086000000|  0%| F|  |TAMS 0x0000000085f00000| PB 0x0000000085f00000| Untracked 
|  96|0x0000000086000000, 0x0000000086000000, 0x0000000086100000|  0%| F|  |TAMS 0x0000000086000000| PB 0x0000000086000000| Untracked 
|  97|0x0000000086100000, 0x0000000086100000, 0x0000000086200000|  0%| F|  |TAMS 0x0000000086100000| PB 0x0000000086100000| Untracked 
|  98|0x0000000086200000, 0x0000000086200000, 0x0000000086300000|  0%| F|  |TAMS 0x0000000086200000| PB 0x0000000086200000| Untracked 
|  99|0x0000000086300000, 0x0000000086300000, 0x0000000086400000|  0%| F|  |TAMS 0x0000000086300000| PB 0x0000000086300000| Untracked 
| 100|0x0000000086400000, 0x0000000086400000, 0x0000000086500000|  0%| F|  |TAMS 0x0000000086400000| PB 0x0000000086400000| Untracked 
| 101|0x0000000086500000, 0x0000000086500000, 0x0000000086600000|  0%| F|  |TAMS 0x0000000086500000| PB 0x0000000086500000| Untracked 
| 102|0x0000000086600000, 0x0000000086600000, 0x0000000086700000|  0%| F|  |TAMS 0x0000000086600000| PB 0x0000000086600000| Untracked 
| 103|0x0000000086700000, 0x0000000086700000, 0x0000000086800000|  0%| F|  |TAMS 0x0000000086700000| PB 0x0000000086700000| Untracked 
| 104|0x0000000086800000, 0x0000000086800000, 0x0000000086900000|  0%| F|  |TAMS 0x0000000086800000| PB 0x0000000086800000| Untracked 
| 105|0x0000000086900000, 0x0000000086900000, 0x0000000086a00000|  0%| F|  |TAMS 0x0000000086900000| PB 0x0000000086900000| Untracked 
| 106|0x0000000086a00000, 0x0000000086a00000, 0x0000000086b00000|  0%| F|  |TAMS 0x0000000086a00000| PB 0x0000000086a00000| Untracked 
| 107|0x0000000086b00000, 0x0000000086b00000, 0x0000000086c00000|  0%| F|  |TAMS 0x0000000086b00000| PB 0x0000000086b00000| Untracked 
| 108|0x0000000086c00000, 0x0000000086c00000, 0x0000000086d00000|  0%| F|  |TAMS 0x0000000086c00000| PB 0x0000000086c00000| Untracked 
| 109|0x0000000086d00000, 0x0000000086e00000, 0x0000000086e00000|100%| E|  |TAMS 0x0000000086d00000| PB 0x0000000086d00000| Complete 
| 110|0x0000000086e00000, 0x0000000086f00000, 0x0000000086f00000|100%| E|CS|TAMS 0x0000000086e00000| PB 0x0000000086e00000| Complete 
| 111|0x0000000086f00000, 0x0000000087000000, 0x0000000087000000|100%| E|CS|TAMS 0x0000000086f00000| PB 0x0000000086f00000| Complete 
| 127|0x0000000087f00000, 0x0000000088000000, 0x0000000088000000|100%| E|CS|TAMS 0x0000000087f00000| PB 0x0000000087f00000| Complete 
|2042|0x00000000ffa00000, 0x00000000ffb00000, 0x00000000ffb00000|100%| O|  |TAMS 0x00000000ffa00000| PB 0x00000000ffa00000| Untracked 
|2043|0x00000000ffb00000, 0x00000000ffc00000, 0x00000000ffc00000|100%| O|  |TAMS 0x00000000ffb00000| PB 0x00000000ffb00000| Untracked 
|2044|0x00000000ffc00000, 0x00000000ffd00000, 0x00000000ffd00000|100%| O|  |TAMS 0x00000000ffc00000| PB 0x00000000ffc00000| Untracked 
|2045|0x00000000ffd00000, 0x00000000ffe00000, 0x00000000ffe00000|100%| O|  |TAMS 0x00000000ffd00000| PB 0x00000000ffd00000| Untracked 
|2046|0x00000000ffe00000, 0x00000000fff00000, 0x00000000fff00000|100%| O|  |TAMS 0x00000000ffe00000| PB 0x00000000ffe00000| Untracked 
|2047|0x00000000fff00000, 0x0000000100000000, 0x0000000100000000|100%| O|  |TAMS 0x00000000fff00000| PB 0x00000000fff00000| Untracked 

Card table byte_map: [0x000001c5e6e90000,0x000001c5e7290000] _byte_map_base: 0x000001c5e6a90000

Marking Bits: (CMBitMap*) 0x000001c5d4662250
 Bits: [0x000001c5e7290000, 0x000001c5e9290000)

Polling page: 0x000001c5d2430000

Metaspace:

Usage:
  Non-class:     42.59 MB used.
      Class:      6.66 MB used.
       Both:     49.25 MB used.

Virtual space:
  Non-class space:       64.00 MB reserved,      43.25 MB ( 68%) committed,  1 nodes.
      Class space:        1.00 GB reserved,       7.31 MB ( <1%) committed,  1 nodes.
             Both:        1.06 GB reserved,      50.56 MB (  5%) committed. 

Chunk freelists:
   Non-Class:  4.69 MB
       Class:  8.75 MB
        Both:  13.44 MB

MaxMetaspaceSize: unlimited
CompressedClassSpaceSize: 1.00 GB
Initial GC threshold: 21.00 MB
Current GC threshold: 58.75 MB
CDS: off
 - commit_granule_bytes: 65536.
 - commit_granule_words: 8192.
 - virtual_space_node_default_size: 8388608.
 - enlarge_chunks_in_place: 1.
 - use_allocation_guard: 0.


Internal statistics:

num_allocs_failed_limit: 6.
num_arena_births: 2370.
num_arena_deaths: 0.
num_vsnodes_births: 2.
num_vsnodes_deaths: 0.
num_space_committed: 809.
num_space_uncommitted: 0.
num_chunks_returned_to_freelist: 6.
num_chunks_taken_from_freelist: 4285.
num_chunk_merges: 6.
num_chunk_splits: 2731.
num_chunks_enlarged: 1647.
num_inconsistent_stats: 0.

CodeHeap 'non-profiled nmethods': size=120000Kb used=2679Kb max_used=2679Kb free=117320Kb
 bounds [0x000001c5df230000, 0x000001c5df4d0000, 0x000001c5e6760000]
CodeHeap 'profiled nmethods': size=120000Kb used=8353Kb max_used=8353Kb free=111646Kb
 bounds [0x000001c5d7760000, 0x000001c5d7f90000, 0x000001c5dec90000]
CodeHeap 'non-nmethods': size=5760Kb used=1898Kb max_used=1948Kb free=3862Kb
 bounds [0x000001c5dec90000, 0x000001c5def00000, 0x000001c5df230000]
 total_blobs=5086 nmethods=4393 adapters=596
 compilation: enabled
              stopped_count=0, restarted_count=0
 full_count=0

Compilation events (20 events):
Event: 4.328 Thread 0x000001c5f00a8220 4750       3       org.gradle.internal.logging.text.AbstractStyledTextOutput::doStyleChange (1 bytes)
Event: 4.328 Thread 0x000001c5f00a8220 nmethod 4750 0x000001c5d7f74890 code [0x000001c5d7f74a20, 0x000001c5d7f74b28]
Event: 4.328 Thread 0x000001c5f00a8220 4751       3       org.gradle.internal.event.AbstractBroadcastDispatch::dispatch (65 bytes)
Event: 4.328 Thread 0x000001c5f00a8220 nmethod 4751 0x000001c5d7f74b90 code [0x000001c5d7f74da0, 0x000001c5d7f753c0]
Event: 4.328 Thread 0x000001c5f00a8220 4752       3       org.gradle.internal.logging.text.AbstractLineChoppingStyledTextOutput$3::execute (9 bytes)
Event: 4.328 Thread 0x000001c5f00a8220 nmethod 4752 0x000001c5d7f75510 code [0x000001c5d7f756c0, 0x000001c5d7f758e0]
Event: 4.328 Thread 0x000001c5f00a8220 4753       3       org.gradle.internal.logging.text.AbstractLineChoppingStyledTextOutput$3::execute (73 bytes)
Event: 4.329 Thread 0x000001c5f00a8220 nmethod 4753 0x000001c5d7f75990 code [0x000001c5d7f75c20, 0x000001c5d7f765f0]
Event: 4.329 Thread 0x000001c5f00a8220 4754       3       org.gradle.internal.logging.text.AbstractLineChoppingStyledTextOutput$StateContext::flushEndLine (9 bytes)
Event: 4.329 Thread 0x000001c5f00a8220 nmethod 4754 0x000001c5d7f76a10 code [0x000001c5d7f76bc0, 0x000001c5d7f76d90]
Event: 4.329 Thread 0x000001c5f00a8220 4755       3       org.gradle.internal.logging.text.AbstractLineChoppingStyledTextOutput$StateContext::next (11 bytes)
Event: 4.329 Thread 0x000001c5f00a8220 nmethod 4755 0x000001c5d7f76e90 code [0x000001c5d7f77020, 0x000001c5d7f77138]
Event: 4.329 Thread 0x000001c5f00a8220 4756       3       org.gradle.internal.logging.text.AbstractLineChoppingStyledTextOutput$StateContext::reset (16 bytes)
Event: 4.329 Thread 0x000001c5f00a8220 nmethod 4756 0x000001c5d7f77210 code [0x000001c5d7f773c0, 0x000001c5d7f77540]
Event: 4.329 Thread 0x000001c5f00a8220 4757       3       org.gradle.internal.logging.text.AbstractLineChoppingStyledTextOutput$SeenFromEol::clear (6 bytes)
Event: 4.329 Thread 0x000001c5f00a8220 nmethod 4757 0x000001c5d7f77610 code [0x000001c5d7f777a0, 0x000001c5d7f778b0]
Event: 4.329 Thread 0x000001c5f00a8220 4758       3       org.gradle.internal.logging.text.AbstractLineChoppingStyledTextOutput::access$700 (4 bytes)
Event: 4.329 Thread 0x000001c5f00a8220 nmethod 4758 0x000001c5d7f77990 code [0x000001c5d7f77b20, 0x000001c5d7f77c18]
Event: 4.331 Thread 0x000001c5f00a2a80 4762       4       java.lang.ClassLoader::compareCerts (197 bytes)
Event: 4.331 Thread 0x000001c5f00a2a80 nmethod 4762 0x000001c5df4c9490 code [0x000001c5df4c9620, 0x000001c5df4c9720]

GC Heap History (20 events):
Event: 0.898 GC heap before
{Heap before GC invocations=1 (full 0):
 garbage-first heap   total 131072K, used 40277K [0x0000000080000000, 0x0000000100000000)
  region size 1024K, 37 young (37888K), 3 survivors (3072K)
 Metaspace       used 12128K, committed 12352K, reserved 1114112K
  class space    used 1273K, committed 1408K, reserved 1048576K
}
Event: 0.904 GC heap after
{Heap after GC invocations=2 (full 0):
 garbage-first heap   total 131072K, used 11246K [0x0000000080000000, 0x0000000100000000)
  region size 1024K, 5 young (5120K), 5 survivors (5120K)
 Metaspace       used 12128K, committed 12352K, reserved 1114112K
  class space    used 1273K, committed 1408K, reserved 1048576K
}
Event: 1.411 GC heap before
{Heap before GC invocations=2 (full 0):
 garbage-first heap   total 131072K, used 61422K [0x0000000080000000, 0x0000000100000000)
  region size 1024K, 52 young (53248K), 5 survivors (5120K)
 Metaspace       used 14204K, committed 14464K, reserved 1114112K
  class space    used 1558K, committed 1664K, reserved 1048576K
}
Event: 1.417 GC heap after
{Heap after GC invocations=3 (full 0):
 garbage-first heap   total 131072K, used 18075K [0x0000000080000000, 0x0000000100000000)
  region size 1024K, 6 young (6144K), 6 survivors (6144K)
 Metaspace       used 14204K, committed 14464K, reserved 1114112K
  class space    used 1558K, committed 1664K, reserved 1048576K
}
Event: 1.819 GC heap before
{Heap before GC invocations=3 (full 0):
 garbage-first heap   total 131072K, used 39579K [0x0000000080000000, 0x0000000100000000)
  region size 1024K, 29 young (29696K), 6 survivors (6144K)
 Metaspace       used 21200K, committed 21504K, reserved 1114112K
  class space    used 2433K, committed 2560K, reserved 1048576K
}
Event: 1.823 GC heap after
{Heap after GC invocations=4 (full 0):
 garbage-first heap   total 131072K, used 20681K [0x0000000080000000, 0x0000000100000000)
  region size 1024K, 9 young (9216K), 9 survivors (9216K)
 Metaspace       used 21200K, committed 21504K, reserved 1114112K
  class space    used 2433K, committed 2560K, reserved 1048576K
}
Event: 2.476 GC heap before
{Heap before GC invocations=5 (full 0):
 garbage-first heap   total 71680K, used 69833K [0x0000000080000000, 0x0000000100000000)
  region size 1024K, 58 young (59392K), 9 survivors (9216K)
 Metaspace       used 29451K, committed 30016K, reserved 1114112K
  class space    used 3748K, committed 4032K, reserved 1048576K
}
Event: 2.482 GC heap after
{Heap after GC invocations=6 (full 0):
 garbage-first heap   total 83968K, used 23408K [0x0000000080000000, 0x0000000100000000)
  region size 1024K, 6 young (6144K), 6 survivors (6144K)
 Metaspace       used 29451K, committed 30016K, reserved 1114112K
  class space    used 3748K, committed 4032K, reserved 1048576K
}
Event: 2.993 GC heap before
{Heap before GC invocations=6 (full 0):
 garbage-first heap   total 83968K, used 69488K [0x0000000080000000, 0x0000000100000000)
  region size 1024K, 46 young (47104K), 6 survivors (6144K)
 Metaspace       used 34789K, committed 35584K, reserved 1114112K
  class space    used 4668K, committed 5056K, reserved 1048576K
}
Event: 3.014 GC heap after
{Heap after GC invocations=7 (full 0):
 garbage-first heap   total 101376K, used 32374K [0x0000000080000000, 0x0000000100000000)
  region size 1024K, 6 young (6144K), 6 survivors (6144K)
 Metaspace       used 34789K, committed 35584K, reserved 1114112K
  class space    used 4668K, committed 5056K, reserved 1048576K
}
Event: 3.090 GC heap before
{Heap before GC invocations=7 (full 0):
 garbage-first heap   total 101376K, used 43638K [0x0000000080000000, 0x0000000100000000)
  region size 1024K, 12 young (12288K), 6 survivors (6144K)
 Metaspace       used 35146K, committed 35968K, reserved 1114112K
  class space    used 4721K, committed 5120K, reserved 1048576K
}
Event: 3.095 GC heap after
{Heap after GC invocations=8 (full 0):
 garbage-first heap   total 101376K, used 41928K [0x0000000080000000, 0x0000000100000000)
  region size 1024K, 7 young (7168K), 7 survivors (7168K)
 Metaspace       used 35146K, committed 35968K, reserved 1114112K
  class space    used 4721K, committed 5120K, reserved 1048576K
}
Event: 3.471 GC heap before
{Heap before GC invocations=9 (full 0):
 garbage-first heap   total 101376K, used 73672K [0x0000000080000000, 0x0000000100000000)
  region size 1024K, 37 young (37888K), 7 survivors (7168K)
 Metaspace       used 38930K, committed 40000K, reserved 1114112K
  class space    used 5319K, committed 5824K, reserved 1048576K
}
Event: 3.474 GC heap after
{Heap after GC invocations=10 (full 0):
 garbage-first heap   total 101376K, used 45173K [0x0000000080000000, 0x0000000100000000)
  region size 1024K, 2 young (2048K), 2 survivors (2048K)
 Metaspace       used 38930K, committed 40000K, reserved 1114112K
  class space    used 5319K, committed 5824K, reserved 1048576K
}
Event: 3.829 GC heap before
{Heap before GC invocations=10 (full 0):
 garbage-first heap   total 101376K, used 76917K [0x0000000080000000, 0x0000000100000000)
  region size 1024K, 33 young (33792K), 2 survivors (2048K)
 Metaspace       used 43386K, committed 44608K, reserved 1114112K
  class space    used 6046K, committed 6656K, reserved 1048576K
}
Event: 3.833 GC heap after
{Heap after GC invocations=11 (full 0):
 garbage-first heap   total 101376K, used 46690K [0x0000000080000000, 0x0000000100000000)
  region size 1024K, 4 young (4096K), 4 survivors (4096K)
 Metaspace       used 43386K, committed 44608K, reserved 1114112K
  class space    used 6046K, committed 6656K, reserved 1048576K
}
Event: 4.159 GC heap before
{Heap before GC invocations=11 (full 0):
 garbage-first heap   total 101376K, used 78434K [0x0000000080000000, 0x0000000100000000)
  region size 1024K, 36 young (36864K), 4 survivors (4096K)
 Metaspace       used 49159K, committed 50432K, reserved 1114112K
  class space    used 6642K, committed 7232K, reserved 1048576K
}
Event: 4.165 GC heap after
{Heap after GC invocations=12 (full 0):
 garbage-first heap   total 101376K, used 50737K [0x0000000080000000, 0x0000000100000000)
  region size 1024K, 5 young (5120K), 5 survivors (5120K)
 Metaspace       used 49159K, committed 50432K, reserved 1114112K
  class space    used 6642K, committed 7232K, reserved 1048576K
}
Event: 4.279 GC heap before
{Heap before GC invocations=12 (full 0):
 garbage-first heap   total 101376K, used 69169K [0x0000000080000000, 0x0000000100000000)
  region size 1024K, 24 young (24576K), 5 survivors (5120K)
 Metaspace       used 49691K, committed 50944K, reserved 1114112K
  class space    used 6696K, committed 7296K, reserved 1048576K
}
Event: 4.285 GC heap after
{Heap after GC invocations=13 (full 0):
 garbage-first heap   total 121856K, used 53861K [0x0000000080000000, 0x0000000100000000)
  region size 1024K, 3 young (3072K), 3 survivors (3072K)
 Metaspace       used 49691K, committed 50944K, reserved 1114112K
  class space    used 6696K, committed 7296K, reserved 1048576K
}

Dll operation events (3 events):
Event: 0.008 Loaded shared library C:\Program Files\Android\Android Studio\jbr\bin\java.dll
Event: 0.012 Loaded shared library C:\Program Files\Android\Android Studio\jbr\bin\zip.dll
Event: 0.451 Loaded shared library C:\Program Files\Android\Android Studio\jbr\bin\verify.dll

Deoptimization events (20 events):
Event: 4.287 Thread 0x000001c5f2112c60 Uncommon trap: trap_request=0xffffffde fr.pc=0x000001c5df38561c relative=0x00000000000002dc
Event: 4.287 Thread 0x000001c5f2112c60 Uncommon trap: reason=class_check action=maybe_recompile pc=0x000001c5df38561c method=java.util.Collections$SetFromMap.remove(Ljava/lang/Object;)Z @ 5 c2
Event: 4.287 Thread 0x000001c5f2112c60 DEOPT PACKING pc=0x000001c5df38561c sp=0x0000006e96bf9ba0
Event: 4.287 Thread 0x000001c5f2112c60 DEOPT UNPACKING pc=0x000001c5dece46a2 sp=0x0000006e96bf9b88 mode 2
Event: 4.288 Thread 0x000001c5f2112c60 Uncommon trap: trap_request=0xffffffde fr.pc=0x000001c5df38561c relative=0x00000000000002dc
Event: 4.288 Thread 0x000001c5f2112c60 Uncommon trap: reason=class_check action=maybe_recompile pc=0x000001c5df38561c method=java.util.Collections$SetFromMap.remove(Ljava/lang/Object;)Z @ 5 c2
Event: 4.288 Thread 0x000001c5f2112c60 DEOPT PACKING pc=0x000001c5df38561c sp=0x0000006e96bfafd0
Event: 4.288 Thread 0x000001c5f2112c60 DEOPT UNPACKING pc=0x000001c5dece46a2 sp=0x0000006e96bfafb8 mode 2
Event: 4.294 Thread 0x000001c5f2112c60 Uncommon trap: trap_request=0xffffff45 fr.pc=0x000001c5df4a486c relative=0x0000000000000a2c
Event: 4.294 Thread 0x000001c5f2112c60 Uncommon trap: reason=unstable_if action=reinterpret pc=0x000001c5df4a486c method=java.util.regex.Matcher.search(I)Z @ 76 c2
Event: 4.294 Thread 0x000001c5f2112c60 DEOPT PACKING pc=0x000001c5df4a486c sp=0x0000006e96bfb1f0
Event: 4.294 Thread 0x000001c5f2112c60 DEOPT UNPACKING pc=0x000001c5dece46a2 sp=0x0000006e96bfb150 mode 2
Event: 4.294 Thread 0x000001c5f2112c60 Uncommon trap: trap_request=0xffffff45 fr.pc=0x000001c5df48eb1c relative=0x000000000000095c
Event: 4.294 Thread 0x000001c5f2112c60 Uncommon trap: reason=unstable_if action=reinterpret pc=0x000001c5df48eb1c method=java.util.regex.Matcher.search(I)Z @ 76 c2
Event: 4.294 Thread 0x000001c5f2112c60 DEOPT PACKING pc=0x000001c5df48eb1c sp=0x0000006e96bfb160
Event: 4.294 Thread 0x000001c5f2112c60 DEOPT UNPACKING pc=0x000001c5dece46a2 sp=0x0000006e96bfb140 mode 2
Event: 4.294 Thread 0x000001c5f2112c60 Uncommon trap: trap_request=0xffffffcc fr.pc=0x000001c5df4aa05c relative=0x000000000000275c
Event: 4.294 Thread 0x000001c5f2112c60 Uncommon trap: reason=intrinsic_or_type_checked_inlining action=make_not_entrant pc=0x000001c5df4aa05c method=java.util.ArrayList$SubList.toArray([Ljava/lang/Object;)[Ljava/lang/Object; @ 58 c2
Event: 4.295 Thread 0x000001c5f2112c60 DEOPT PACKING pc=0x000001c5df4aa05c sp=0x0000006e96bfb270
Event: 4.295 Thread 0x000001c5f2112c60 DEOPT UNPACKING pc=0x000001c5dece46a2 sp=0x0000006e96bfb1c0 mode 2

Classes loaded (20 events):
Event: 4.295 Loading class java/time/Clock
Event: 4.295 Loading class java/time/InstantSource
Event: 4.295 Loading class java/time/InstantSource done
Event: 4.295 Loading class java/time/Clock done
Event: 4.309 Loading class java/util/stream/DistinctOps
Event: 4.309 Loading class java/util/stream/DistinctOps done
Event: 4.309 Loading class java/util/stream/DistinctOps$1
Event: 4.309 Loading class java/util/stream/ReferencePipeline$StatefulOp
Event: 4.309 Loading class java/util/stream/ReferencePipeline$StatefulOp done
Event: 4.309 Loading class java/util/stream/DistinctOps$1 done
Event: 4.310 Loading class java/util/stream/DistinctOps$1$2
Event: 4.310 Loading class java/util/stream/DistinctOps$1$2 done
Event: 4.312 Loading class java/io/PrintWriter$1
Event: 4.312 Loading class jdk/internal/access/JavaIOPrintWriterAccess
Event: 4.312 Loading class jdk/internal/access/JavaIOPrintWriterAccess done
Event: 4.312 Loading class java/io/PrintWriter$1 done
Event: 4.312 Loading class java/lang/Throwable$WrappedPrintWriter
Event: 4.312 Loading class java/lang/Throwable$PrintStreamOrWriter
Event: 4.312 Loading class java/lang/Throwable$PrintStreamOrWriter done
Event: 4.312 Loading class java/lang/Throwable$WrappedPrintWriter done

Classes unloaded (0 events):
No events

Classes redefined (0 events):
No events

Internal exceptions (20 events):
Event: 4.234 Thread 0x000001c5f2112c60 Exception <a 'java/lang/ClassNotFoundException'{0x0000000084e21800}: org/gradle/internal/extensibility/DefaultExtraPropertiesExtensionBeanInfo> (0x0000000084e21800) 
thrown [s\src\hotspot\share\classfile\systemDictionary.cpp, line 312]
Event: 4.234 Thread 0x000001c5f2112c60 Exception <a 'java/lang/ClassNotFoundException'{0x0000000084e2b498}: org/gradle/internal/extensibility/DefaultExtraPropertiesExtensionCustomizer> (0x0000000084e2b498) 
thrown [s\src\hotspot\share\classfile\systemDictionary.cpp, line 312]
Event: 4.243 Thread 0x000001c5f2112c60 Exception <a 'java/lang/NoSuchMethodError'{0x0000000084e9d9d8}: 'void java.lang.invoke.Invokers$Holder.invoke_MT(java.lang.Object, java.lang.Object, java.lang.Object, java.lang.Object)'> (0x0000000084e9d9d8) 
thrown [s\src\hotspot\share\interpreter\linkResolver.cpp, line 784]
Event: 4.245 Thread 0x000001c5f2112c60 Implicit null exception at 0x000001c5df374a04 to 0x000001c5df374cb0
Event: 4.245 Thread 0x000001c5f2112c60 Exception <a 'java/lang/NoSuchMethodError'{0x0000000084ebb6c0}: 'int java.lang.invoke.DirectMethodHandle$Holder.invokeSpecial(java.lang.Object, java.lang.Object, java.lang.Object, int)'> (0x0000000084ebb6c0) 
thrown [s\src\hotspot\share\interpreter\linkResolver.cpp, line 784]
Event: 4.246 Thread 0x000001c5f2112c60 Exception <a 'java/lang/NoSuchMethodError'{0x0000000084ecc420}: 'java.lang.Object java.lang.invoke.DirectMethodHandle$Holder.invokeStatic(java.lang.Object, java.lang.Object, java.lang.Object, java.lang.Object, int)'> (0x0000000084ecc420) 
thrown [s\src\hotspot\share\interpreter\linkResolver.cpp, line 784]
Event: 4.261 Thread 0x000001c5f2112c60 Exception <a 'java/lang/ClassNotFoundException'{0x0000000084c3c488}: org/gradle/invocation/DefaultGradle_DecoratedBeanInfo> (0x0000000084c3c488) 
thrown [s\src\hotspot\share\classfile\systemDictionary.cpp, line 312]
Event: 4.261 Thread 0x000001c5f2112c60 Exception <a 'java/lang/ClassNotFoundException'{0x0000000084c4b5c8}: org/gradle/invocation/DefaultGradleBeanInfo> (0x0000000084c4b5c8) 
thrown [s\src\hotspot\share\classfile\systemDictionary.cpp, line 312]
Event: 4.261 Thread 0x000001c5f2112c60 Exception <a 'java/lang/ClassNotFoundException'{0x0000000084c5abd8}: org/gradle/api/internal/project/AbstractPluginAwareBeanInfo> (0x0000000084c5abd8) 
thrown [s\src\hotspot\share\classfile\systemDictionary.cpp, line 312]
Event: 4.262 Thread 0x000001c5f2112c60 Exception <a 'java/lang/ClassNotFoundException'{0x0000000084c6a238}: org/gradle/api/internal/project/AbstractPluginAwareCustomizer> (0x0000000084c6a238) 
thrown [s\src\hotspot\share\classfile\systemDictionary.cpp, line 312]
Event: 4.263 Thread 0x000001c5f2112c60 Exception <a 'java/lang/ClassNotFoundException'{0x0000000084c80220}: org/gradle/invocation/DefaultGradleCustomizer> (0x0000000084c80220) 
thrown [s\src\hotspot\share\classfile\systemDictionary.cpp, line 312]
Event: 4.265 Thread 0x000001c5f2112c60 Exception <a 'java/lang/ClassNotFoundException'{0x0000000084cc6598}: org/gradle/invocation/DefaultGradle_DecoratedCustomizer> (0x0000000084cc6598) 
thrown [s\src\hotspot\share\classfile\systemDictionary.cpp, line 312]
Event: 4.286 Thread 0x000001c5f2112c60 Exception <a 'java/lang/OutOfMemoryError'{0x0000000087f07a50}> (0x0000000087f07a50) 
thrown [s\src\hotspot\share\prims\jni.cpp, line 567]
Event: 4.300 Thread 0x000001c5f2112c60 Exception <a 'java/lang/NoSuchMethodError'{0x0000000087f9ab28}: 'java.lang.Object java.lang.invoke.DirectMethodHandle$Holder.newInvokeSpecial(java.lang.Object, int, java.lang.Object)'> (0x0000000087f9ab28) 
thrown [s\src\hotspot\share\interpreter\linkResolver.cpp, line 784]
Event: 4.301 Thread 0x000001c5f2112c60 Exception <a 'java/lang/NoSuchMethodError'{0x0000000087fa8f60}: 'void java.lang.invoke.DirectMethodHandle$Holder.invokeInterface(java.lang.Object, java.lang.Object, java.lang.Object, int)'> (0x0000000087fa8f60) 
thrown [s\src\hotspot\share\interpreter\linkResolver.cpp, line 784]
Event: 4.301 Thread 0x000001c5f2112c60 Exception <a 'java/lang/IncompatibleClassChangeError'{0x0000000087facad8}: Found class java.lang.Object, but interface was expected> (0x0000000087facad8) 
thrown [s\src\hotspot\share\interpreter\linkResolver.cpp, line 851]
Event: 4.302 Thread 0x000001c5f2112c60 Exception <a 'java/lang/NoSuchMethodError'{0x0000000087fb0f18}: 'void java.lang.invoke.DelegatingMethodHandle$Holder.reinvoke_L(java.lang.Object, java.lang.Object, java.lang.Object, int)'> (0x0000000087fb0f18) 
thrown [s\src\hotspot\share\interpreter\linkResolver.cpp, line 784]
Event: 4.307 Thread 0x000001c5f2112c60 Exception <a 'java/lang/NoSuchMethodError'{0x0000000086f28e68}: 'void java.lang.invoke.DirectMethodHandle$Holder.invokeVirtual(java.lang.Object, java.lang.Object)'> (0x0000000086f28e68) 
thrown [s\src\hotspot\share\interpreter\linkResolver.cpp, line 784]
Event: 4.310 Thread 0x000001c5f2112c60 Exception <a 'java/lang/NoSuchMethodError'{0x0000000086f4c2b0}: 'void java.lang.invoke.DirectMethodHandle$Holder.invokeStatic(java.lang.Object, int, java.lang.Object)'> (0x0000000086f4c2b0) 
thrown [s\src\hotspot\share\interpreter\linkResolver.cpp, line 784]
Event: 4.330 Thread 0x000001c5f2112c60 Exception <a 'java/lang/NoSuchMethodError'{0x0000000086fec2b0}: 'java.lang.Object java.lang.invoke.Invokers$Holder.linkToTargetMethod(java.lang.Object, java.lang.Object, java.lang.Object, int, java.lang.Object, java.lang.Object)'> (0x0000000086fec2b0) 
thrown [s\src\hotspot\share\interpreter\linkResolver.cpp, line 784]

ZGC Phase Switch (0 events):
No events

VM Operations (20 events):
Event: 3.829 Executing VM operation: G1CollectForAllocation (G1 Evacuation Pause)
Event: 3.834 Executing VM operation: G1CollectForAllocation (G1 Evacuation Pause) done
Event: 3.878 Executing VM operation: HandshakeAllThreads (Deoptimize)
Event: 3.878 Executing VM operation: HandshakeAllThreads (Deoptimize) done
Event: 3.961 Executing VM operation: HandshakeAllThreads (Deoptimize)
Event: 3.961 Executing VM operation: HandshakeAllThreads (Deoptimize) done
Event: 4.009 Executing VM operation: HandshakeAllThreads (Deoptimize)
Event: 4.009 Executing VM operation: HandshakeAllThreads (Deoptimize) done
Event: 4.072 Executing VM operation: HandshakeAllThreads (Deoptimize)
Event: 4.072 Executing VM operation: HandshakeAllThreads (Deoptimize) done
Event: 4.114 Executing VM operation: ICBufferFull
Event: 4.114 Executing VM operation: ICBufferFull done
Event: 4.125 Executing VM operation: HandshakeAllThreads (Deoptimize)
Event: 4.125 Executing VM operation: HandshakeAllThreads (Deoptimize) done
Event: 4.159 Executing VM operation: G1CollectForAllocation (G1 Evacuation Pause)
Event: 4.165 Executing VM operation: G1CollectForAllocation (G1 Evacuation Pause) done
Event: 4.279 Executing VM operation: G1TryInitiateConcMark (G1 Humongous Allocation)
Event: 4.285 Executing VM operation: G1TryInitiateConcMark (G1 Humongous Allocation) done
Event: 4.309 Executing VM operation: HandshakeAllThreads (Deoptimize)
Event: 4.310 Executing VM operation: HandshakeAllThreads (Deoptimize) done

Memory protections (0 events):
No events

Nmethod flushes (20 events):
Event: 3.111 Thread 0x000001c5ebd1a690 flushing  nmethod 0x000001c5d777b010
Event: 3.111 Thread 0x000001c5ebd1a690 flushing  nmethod 0x000001c5d777c890
Event: 3.111 Thread 0x000001c5ebd1a690 flushing  nmethod 0x000001c5d777ce90
Event: 3.111 Thread 0x000001c5ebd1a690 flushing  nmethod 0x000001c5d77f8d10
Event: 3.111 Thread 0x000001c5ebd1a690 flushing  nmethod 0x000001c5d7803990
Event: 3.111 Thread 0x000001c5ebd1a690 flushing  nmethod 0x000001c5d7804510
Event: 3.111 Thread 0x000001c5ebd1a690 flushing  nmethod 0x000001c5d7804890
Event: 3.111 Thread 0x000001c5ebd1a690 flushing  nmethod 0x000001c5d788f590
Event: 3.111 Thread 0x000001c5ebd1a690 flushing  nmethod 0x000001c5d7892490
Event: 3.111 Thread 0x000001c5ebd1a690 flushing  nmethod 0x000001c5d7896b90
Event: 3.111 Thread 0x000001c5ebd1a690 flushing  nmethod 0x000001c5d7897190
Event: 3.111 Thread 0x000001c5ebd1a690 flushing  nmethod 0x000001c5d7898790
Event: 3.111 Thread 0x000001c5ebd1a690 flushing  nmethod 0x000001c5d78dc510
Event: 3.111 Thread 0x000001c5ebd1a690 flushing  nmethod 0x000001c5d78dd110
Event: 3.111 Thread 0x000001c5ebd1a690 flushing  nmethod 0x000001c5d796ad10
Event: 3.111 Thread 0x000001c5ebd1a690 flushing  nmethod 0x000001c5d7970910
Event: 3.111 Thread 0x000001c5ebd1a690 flushing  nmethod 0x000001c5d79abb90
Event: 3.111 Thread 0x000001c5ebd1a690 flushing  nmethod 0x000001c5d79aff90
Event: 3.111 Thread 0x000001c5ebd1a690 flushing  nmethod 0x000001c5d7bb9a90
Event: 3.111 Thread 0x000001c5ebd1a690 flushing  nmethod 0x000001c5d7bb9e90

Events (20 events):
Event: 2.077 Thread 0x000001c5f2112c60 Thread added: 0x000001c5f1ee08a0
Event: 2.083 Thread 0x000001c5f2112c60 Thread added: 0x000001c5f1ede140
Event: 2.104 Thread 0x000001c5f2112c60 Thread added: 0x000001c5f1ee0f30
Event: 2.211 Thread 0x000001c5f00a8220 Thread added: 0x000001c5f3453b60
Event: 2.558 Thread 0x000001c5f2112c60 Thread added: 0x000001c5f1edee60
Event: 2.759 Thread 0x000001c5f2112c60 Thread added: 0x000001c5f1edf4f0
Event: 2.769 Thread 0x000001c5f2112c60 Thread added: 0x000001c5f3869a00
Event: 2.913 Thread 0x000001c5f2112c60 Thread added: 0x000001c5f3868650
Event: 2.917 Thread 0x000001c5f2112c60 Thread added: 0x000001c5f386a090
Event: 2.983 Thread 0x000001c5f2112c60 Thread added: 0x000001c5f3869370
Event: 2.983 Thread 0x000001c5f2112c60 Thread added: 0x000001c5f3866c10
Event: 2.983 Thread 0x000001c5f2112c60 Thread added: 0x000001c5f386a720
Event: 2.983 Thread 0x000001c5f2112c60 Thread added: 0x000001c5f38672a0
Event: 2.984 Thread 0x000001c5f2112c60 Thread added: 0x000001c5f386adb0
Event: 2.984 Thread 0x000001c5f2112c60 Thread added: 0x000001c5f3868ce0
Event: 2.984 Thread 0x000001c5f2112c60 Thread added: 0x000001c5f3867930
Event: 2.984 Thread 0x000001c5f2112c60 Thread added: 0x000001c5f386b440
Event: 3.442 Thread 0x000001c5f2112c60 Thread added: 0x000001c5f3867fc0
Event: 3.560 Thread 0x000001c5f2112c60 Thread added: 0x000001c5f386bad0
Event: 3.629 Thread 0x000001c5f2112c60 Thread added: 0x000001c5f386c160


Dynamic libraries:
0x00007ff79e320000 - 0x00007ff79e32a000 	C:\Program Files\Android\Android Studio\jbr\bin\java.exe
0x00007ffcc0ac0000 - 0x00007ffcc0d27000 	C:\WINDOWS\SYSTEM32\ntdll.dll
0x00007ffcc0210000 - 0x00007ffcc02d9000 	C:\WINDOWS\System32\KERNEL32.DLL
0x00007ffcbde40000 - 0x00007ffcbe231000 	C:\WINDOWS\System32\KERNELBASE.dll
0x00007ffcbdc40000 - 0x00007ffcbdd8b000 	C:\WINDOWS\System32\ucrtbase.dll
0x00007ffcb9060000 - 0x00007ffcb907b000 	C:\Program Files\Android\Android Studio\jbr\bin\VCRUNTIME140.dll
0x00007ffcb80a0000 - 0x00007ffcb80b8000 	C:\Program Files\Android\Android Studio\jbr\bin\jli.dll
0x00007ffcc0310000 - 0x00007ffcc04d5000 	C:\WINDOWS\System32\USER32.dll
0x00007ffcadc60000 - 0x00007ffcadef3000 	C:\WINDOWS\WinSxS\amd64_microsoft.windows.common-controls_6595b64144ccf1df_6.0.26100.8037_none_3e092faae333b53b\COMCTL32.dll
0x00007ffcbdc10000 - 0x00007ffcbdc37000 	C:\WINDOWS\System32\win32u.dll
0x00007ffcc09d0000 - 0x00007ffcc0a79000 	C:\WINDOWS\System32\msvcrt.dll
0x00007ffcc01e0000 - 0x00007ffcc020b000 	C:\WINDOWS\System32\GDI32.dll
0x00007ffcbe730000 - 0x00007ffcbe85b000 	C:\WINDOWS\System32\gdi32full.dll
0x00007ffcbdd90000 - 0x00007ffcbde33000 	C:\WINDOWS\System32\msvcp_win.dll
0x00007ffcbffc0000 - 0x00007ffcbfff1000 	C:\WINDOWS\System32\IMM32.DLL
0x00007ffcb8f50000 - 0x00007ffcb8f5c000 	C:\Program Files\Android\Android Studio\jbr\bin\vcruntime140_1.dll
0x00007ffcac030000 - 0x00007ffcac0bd000 	C:\Program Files\Android\Android Studio\jbr\bin\msvcp140.dll
0x00007ffc38a60000 - 0x00007ffc396eb000 	C:\Program Files\Android\Android Studio\jbr\bin\server\jvm.dll
0x00007ffcc04e0000 - 0x00007ffcc059b000 	C:\WINDOWS\System32\ADVAPI32.dll
0x00007ffcbfb70000 - 0x00007ffcbfc17000 	C:\WINDOWS\System32\sechost.dll
0x00007ffcbf840000 - 0x00007ffcbf958000 	C:\WINDOWS\System32\RPCRT4.dll
0x00007ffcbe860000 - 0x00007ffcbe8d4000 	C:\WINDOWS\System32\WS2_32.dll
0x00007ffcbd220000 - 0x00007ffcbd27e000 	C:\WINDOWS\SYSTEM32\POWRPROF.dll
0x00007ffcaeb10000 - 0x00007ffcaeb45000 	C:\WINDOWS\SYSTEM32\WINMM.dll
0x00007ffcb76d0000 - 0x00007ffcb76db000 	C:\WINDOWS\SYSTEM32\VERSION.dll
0x00007ffcbd200000 - 0x00007ffcbd214000 	C:\WINDOWS\SYSTEM32\UMPDC.dll
0x00007ffcbc130000 - 0x00007ffcbc14b000 	C:\WINDOWS\SYSTEM32\kernel.appcore.dll
0x00007ffcb8f40000 - 0x00007ffcb8f4a000 	C:\Program Files\Android\Android Studio\jbr\bin\jimage.dll
0x00007ffcae890000 - 0x00007ffcaead2000 	C:\WINDOWS\SYSTEM32\DBGHELP.DLL
0x00007ffcc05b0000 - 0x00007ffcc0932000 	C:\WINDOWS\System32\combase.dll
0x00007ffcbfc40000 - 0x00007ffcbfd17000 	C:\WINDOWS\System32\OLEAUT32.dll
0x00007ffcaa570000 - 0x00007ffcaa5ab000 	C:\WINDOWS\SYSTEM32\dbgcore.DLL
0x00007ffcbe510000 - 0x00007ffcbe5b5000 	C:\WINDOWS\System32\bcryptPrimitives.dll
0x00007ffcb5ec0000 - 0x00007ffcb5ece000 	C:\Program Files\Android\Android Studio\jbr\bin\instrument.dll
0x00007ffcb8f20000 - 0x00007ffcb8f40000 	C:\Program Files\Android\Android Studio\jbr\bin\java.dll
0x00007ffcb8f00000 - 0x00007ffcb8f18000 	C:\Program Files\Android\Android Studio\jbr\bin\zip.dll
0x00007ffcbf0d0000 - 0x00007ffcbf82f000 	C:\WINDOWS\System32\SHELL32.dll
0x00007ffcbe5c0000 - 0x00007ffcbe72a000 	C:\WINDOWS\System32\wintypes.dll
0x00007ffcbd3a0000 - 0x00007ffcbdc04000 	C:\WINDOWS\System32\windows.storage.dll
0x00007ffcbefd0000 - 0x00007ffcbf0c7000 	C:\WINDOWS\System32\SHCORE.dll
0x00007ffcbfb00000 - 0x00007ffcbfb67000 	C:\WINDOWS\System32\shlwapi.dll
0x00007ffcbd2c0000 - 0x00007ffcbd2e9000 	C:\WINDOWS\SYSTEM32\profapi.dll
0x00007ffcb8ef0000 - 0x00007ffcb8f00000 	C:\Program Files\Android\Android Studio\jbr\bin\net.dll
0x00007ffcb6d10000 - 0x00007ffcb6e37000 	C:\WINDOWS\SYSTEM32\WINHTTP.dll
0x00007ffcbc6a0000 - 0x00007ffcbc70b000 	C:\WINDOWS\system32\mswsock.dll
0x00007ffcb8ed0000 - 0x00007ffcb8ee6000 	C:\Program Files\Android\Android Studio\jbr\bin\nio.dll
0x00007ffcb8220000 - 0x00007ffcb8230000 	C:\Program Files\Android\Android Studio\jbr\bin\verify.dll
0x00007ffcb00e0000 - 0x00007ffcb0107000 	C:\Users\thero\.gradle\native\c067742578af261105cb4f569cf0c3c89f3d7b1fecec35dd04571415982c5e48\windows-amd64\native-platform.dll
0x00007ffc365e0000 - 0x00007ffc36724000 	C:\Users\thero\.gradle\native\100fb08df4bc3b14c8652ba06237920a3bd2aa13389f12d3474272988ae205f9\windows-amd64\native-platform-file-events.dll
0x00007ffcb8eb0000 - 0x00007ffcb8eb9000 	C:\Program Files\Android\Android Studio\jbr\bin\management.dll
0x00007ffcb8330000 - 0x00007ffcb833b000 	C:\Program Files\Android\Android Studio\jbr\bin\management_ext.dll
0x00007ffcbee00000 - 0x00007ffcbee08000 	C:\WINDOWS\System32\PSAPI.DLL
0x00007ffcbc990000 - 0x00007ffcbc9ab000 	C:\WINDOWS\SYSTEM32\CRYPTSP.dll
0x00007ffcbc090000 - 0x00007ffcbc0c9000 	C:\WINDOWS\system32\rsaenh.dll
0x00007ffcbc750000 - 0x00007ffcbc782000 	C:\WINDOWS\SYSTEM32\USERENV.dll
0x00007ffcbd290000 - 0x00007ffcbd2ba000 	C:\WINDOWS\SYSTEM32\bcrypt.dll
0x00007ffcbc980000 - 0x00007ffcbc98c000 	C:\WINDOWS\SYSTEM32\CRYPTBASE.dll
0x00007ffcbbb40000 - 0x00007ffcbbb73000 	C:\WINDOWS\SYSTEM32\IPHLPAPI.DLL
0x00007ffcc09c0000 - 0x00007ffcc09ca000 	C:\WINDOWS\System32\NSI.dll
0x00007ffcb8ec0000 - 0x00007ffcb8ec9000 	C:\Program Files\Android\Android Studio\jbr\bin\extnet.dll
0x00007ffcb87f0000 - 0x00007ffcb87f8000 	C:\WINDOWS\system32\wshunix.dll

dbghelp: loaded successfully - version: 4.0.5 - missing functions: none
symbol engine: initialized successfully - sym options: 0x614 - pdb path: .;C:\Program Files\Android\Android Studio\jbr\bin;C:\WINDOWS\SYSTEM32;C:\WINDOWS\WinSxS\amd64_microsoft.windows.common-controls_6595b64144ccf1df_6.0.26100.8037_none_3e092faae333b53b;C:\Program Files\Android\Android Studio\jbr\bin\server;C:\Users\thero\.gradle\native\c067742578af261105cb4f569cf0c3c89f3d7b1fecec35dd04571415982c5e48\windows-amd64;C:\Users\thero\.gradle\native\100fb08df4bc3b14c8652ba06237920a3bd2aa13389f12d3474272988ae205f9\windows-amd64

VM Arguments:
jvm_args: --add-opens=java.base/java.lang=ALL-UNNAMED --add-opens=java.base/java.lang.invoke=ALL-UNNAMED --add-opens=java.base/java.util=ALL-UNNAMED --add-opens=java.prefs/java.util.prefs=ALL-UNNAMED --add-exports=jdk.compiler/com.sun.tools.javac.api=ALL-UNNAMED --add-exports=jdk.compiler/com.sun.tools.javac.util=ALL-UNNAMED --add-opens=java.base/java.util=ALL-UNNAMED --add-opens=java.prefs/java.util.prefs=ALL-UNNAMED --add-opens=java.base/java.nio.charset=ALL-UNNAMED --add-opens=java.base/java.net=ALL-UNNAMED --add-opens=java.base/java.util.concurrent.atomic=ALL-UNNAMED --add-opens=java.xml/javax.xml.namespace=ALL-UNNAMED -Xmx2048m -Dfile.encoding=UTF-8 -Duser.country=US -Duser.language=en -Duser.variant -javaagent:C:\Users\thero\.gradle\wrapper\dists\gradle-8.11.1-bin\bpt9gzteqjrbo1mjrsomdt32c\gradle-8.11.1\lib\agents\gradle-instrumentation-agent-8.11.1.jar 
java_command: org.gradle.launcher.daemon.bootstrap.GradleDaemon 8.11.1
java_class_path (initial): C:\Users\thero\.gradle\wrapper\dists\gradle-8.11.1-bin\bpt9gzteqjrbo1mjrsomdt32c\gradle-8.11.1\lib\gradle-daemon-main-8.11.1.jar
Launcher Type: SUN_STANDARD

[Global flags]
     intx CICompilerCount                          = 4                                         {product} {ergonomic}
     uint ConcGCThreads                            = 2                                         {product} {ergonomic}
     uint G1ConcRefinementThreads                  = 8                                         {product} {ergonomic}
   size_t G1HeapRegionSize                         = 1048576                                   {product} {ergonomic}
    uintx GCDrainStackTargetSize                   = 64                                        {product} {ergonomic}
   size_t InitialHeapSize                          = 134217728                                 {product} {ergonomic}
   size_t MarkStackSize                            = 4194304                                   {product} {ergonomic}
   size_t MaxHeapSize                              = 2147483648                                {product} {command line}
   size_t MaxNewSize                               = 1287651328                                {product} {ergonomic}
   size_t MinHeapDeltaBytes                        = 1048576                                   {product} {ergonomic}
   size_t MinHeapSize                              = 8388608                                   {product} {ergonomic}
    uintx NonNMethodCodeHeapSize                   = 5839372                                {pd product} {ergonomic}
    uintx NonProfiledCodeHeapSize                  = 122909434                              {pd product} {ergonomic}
    uintx ProfiledCodeHeapSize                     = 122909434                              {pd product} {ergonomic}
    uintx ReservedCodeCacheSize                    = 251658240                              {pd product} {ergonomic}
     bool SegmentedCodeCache                       = true                                      {product} {ergonomic}
   size_t SoftMaxHeapSize                          = 2147483648                             {manageable} {ergonomic}
     bool UseCompressedOops                        = true                           {product lp64_product} {ergonomic}
     bool UseG1GC                                  = true                                      {product} {ergonomic}
     bool UseLargePagesIndividualAllocation        = false                                  {pd product} {ergonomic}

Logging:
Log output configuration:
 #0: stdout all=warning uptime,level,tags foldmultilines=false
 #1: stderr all=off uptime,level,tags foldmultilines=false

Environment Variables:
PATH=C:\WINDOWS\system32;C:\WINDOWS;C:\WINDOWS\System32\Wbem;C:\WINDOWS\System32\WindowsPowerShell\v1.0\;C:\WINDOWS\System32\OpenSSH\;C:\Program Files\Git\cmd;C:\Users\thero\AppData\Local\Microsoft\WindowsApps;
USERNAME=thero
OS=Windows_NT
PROCESSOR_IDENTIFIER=Intel64 Family 6 Model 142 Stepping 10, GenuineIntel
TMP=C:\Users\thero\AppData\Local\Temp
TEMP=C:\Users\thero\AppData\Local\Temp




Periodic native trim disabled

JNI global refs:
JNI global refs: 27, weak refs: 0

JNI global refs memory usage: 835, weak refs: 201

Process memory usage:
Resident Set Size: 293056K (3% of 8260324K total physical memory with 912840K free physical memory)

OOME stack traces (most recent first):
Classloader memory used:
Loader org.gradle.internal.classloader.VisitableURLClassLoader                         : 22834K
Loader bootstrap                                                                       : 21531K
Loader org.gradle.initialization.MixInLegacyTypesClassLoader                           : 4481K
Loader org.gradle.internal.classloader.VisitableURLClassLoader                         : 717K
Loader jdk.internal.loader.ClassLoaders$PlatformClassLoader                            : 493K
Loader jdk.internal.loader.ClassLoaders$AppClassLoader                                 : 232K
Loader jdk.internal.reflect.DelegatingClassLoader                                      : 187K
Loader org.gradle.groovy.scripts.internal.DefaultScriptCompilationHandler$ScriptClassLoader: 6632B

Classes loaded by more than one classloader:
Class org.gradle.api.GradleException                                                  : loaded 3 times (x 78B)
Class org.gradle.internal.classloader.FilteringClassLoader                            : loaded 2 times (x 101B)
Class org.gradle.internal.classloader.ClassLoaderHierarchy                            : loaded 2 times (x 66B)
Class org.gradle.api.internal.classpath.ManifestUtil                                  : loaded 2 times (x 67B)
Class org.gradle.internal.operations.MultipleBuildOperationFailures                   : loaded 2 times (x 91B)
Class org.gradle.internal.classloader.DefaultClassLoaderFactory                       : loaded 2 times (x 78B)
Class org.gradle.internal.classloader.ClassLoaderVisitor                              : loaded 2 times (x 72B)
Class org.gradle.api.internal.classpath.EffectiveClassPath                            : loaded 2 times (x 86B)
Class org.gradle.api.internal.DefaultClassPathProvider                                : loaded 2 times (x 72B)
Class [Lorg.gradle.api.internal.ClassPathProvider;                                    : loaded 2 times (x 65B)
Class org.gradle.api.internal.ClassPathProvider                                       : loaded 2 times (x 66B)
Class org.gradle.internal.service.UnknownServiceException                             : loaded 2 times (x 79B)
Class org.gradle.internal.classpath.TransformedClassPath                              : loaded 2 times (x 92B)
Class org.gradle.internal.classloader.InstrumentingClassLoader                        : loaded 2 times (x 66B)
Class org.gradle.internal.service.ServiceLocator                                      : loaded 2 times (x 66B)
Class org.gradle.internal.InternalTransformer                                         : loaded 2 times (x 66B)
Class org.gradle.internal.time.DefaultTimer                                           : loaded 2 times (x 76B)
Class org.gradle.internal.classloader.ClasspathUtil$1                                 : loaded 2 times (x 72B)
Class org.gradle.api.internal.classpath.DefaultModuleRegistry$DefaultModule           : loaded 2 times (x 82B)
Class org.gradle.internal.time.DefaultCountdownTimer                                  : loaded 2 times (x 84B)
Class kotlin.Function                                                                 : loaded 2 times (x 66B)
Class org.gradle.api.internal.classpath.Module                                        : loaded 2 times (x 66B)
Class org.gradle.api.internal.classpath.UnknownModuleException                        : loaded 2 times (x 78B)
Class org.gradle.api.internal.DefaultClassPathRegistry                                : loaded 2 times (x 72B)
Class org.gradle.api.internal.ClassPathRegistry                                       : loaded 2 times (x 66B)
Class org.gradle.internal.classpath.DefaultClassPath$ImmutableUniqueList              : loaded 2 times (x 195B)
Class org.gradle.internal.classpath.ClassPath                                         : loaded 2 times (x 66B)
Class org.gradle.api.UncheckedIOException                                             : loaded 2 times (x 78B)
Class kotlin.UninitializedPropertyAccessException                                     : loaded 2 times (x 78B)
Class org.gradle.internal.installation.GradleInstallation$1                           : loaded 2 times (x 71B)
Class org.gradle.api.internal.classpath.ModuleRegistry                                : loaded 2 times (x 66B)
Class org.gradle.api.internal.classpath.DefaultModuleRegistry                         : loaded 2 times (x 82B)
Class org.gradle.internal.time.MonotonicClock                                         : loaded 2 times (x 73B)
Class org.gradle.internal.service.ServiceLookupException                              : loaded 2 times (x 78B)
Class org.gradle.internal.classloader.ClassLoaderFactory                              : loaded 2 times (x 66B)
Class org.gradle.internal.service.CachingServiceLocator                               : loaded 2 times (x 78B)
Class org.gradle.internal.time.TimeSource                                             : loaded 2 times (x 66B)
Class org.gradle.internal.exceptions.ResolutionProvider                               : loaded 2 times (x 66B)
Class org.gradle.internal.classloader.ClasspathUtil                                   : loaded 2 times (x 67B)
Class org.gradle.internal.time.TimeSource$1                                           : loaded 2 times (x 73B)
Class org.gradle.api.specs.Spec                                                       : loaded 2 times (x 66B)
Class org.gradle.internal.time.Clock                                                  : loaded 2 times (x 66B)
Class org.gradle.internal.classloader.VisitableURLClassLoader$InstrumentingVisitableURLClassLoader: loaded 2 times (x 119B)
Class org.gradle.internal.classloader.VisitableURLClassLoader$Spec                    : loaded 2 times (x 70B)
Class org.gradle.internal.classpath.DefaultClassPath                                  : loaded 2 times (x 86B)
Class org.gradle.internal.classloader.ClassLoaderSpec                                 : loaded 2 times (x 67B)
Class kotlin.Unit                                                                     : loaded 2 times (x 67B)
Class org.gradle.internal.classloader.VisitableURLClassLoader                         : loaded 2 times (x 113B)
Class org.gradle.internal.Cast                                                        : loaded 2 times (x 67B)
Class org.gradle.api.Action                                                           : loaded 2 times (x 66B)
Class kotlin.jvm.functions.Function1                                                  : loaded 2 times (x 66B)
Class org.gradle.internal.classpath.DefaultClassPath$ImmutableUniqueList$Builder      : loaded 2 times (x 71B)
Class kotlin.NotImplementedError                                                      : loaded 2 times (x 78B)
Class org.gradle.internal.exceptions.NonGradleCauseExceptionsHolder                   : loaded 2 times (x 66B)
Class org.gradle.internal.IoActions                                                   : loaded 2 times (x 67B)
Class org.gradle.internal.classloader.SystemClassLoaderSpec                           : loaded 2 times (x 67B)
Class org.gradle.internal.exceptions.MultiCauseException                              : loaded 2 times (x 66B)
Class org.gradle.internal.time.CountdownTimer                                         : loaded 2 times (x 66B)
Class kotlin.jvm.internal.Intrinsics                                                  : loaded 2 times (x 67B)
Class org.gradle.tooling.model.ProjectModel                                           : loaded 2 times (x 66B)
Class kotlin.KotlinNullPointerException                                               : loaded 2 times (x 79B)
Class org.gradle.internal.exceptions.DefaultMultiCauseException                       : loaded 2 times (x 91B)
Class org.gradle.internal.time.Time                                                   : loaded 2 times (x 67B)
Class org.gradle.api.internal.classpath.GlobalCacheRootsProvider                      : loaded 2 times (x 66B)
Class org.gradle.internal.time.Timer                                                  : loaded 2 times (x 66B)
Class org.gradle.internal.installation.CurrentGradleInstallationLocator               : loaded 2 times (x 67B)
Class org.gradle.internal.service.DefaultServiceLocator                               : loaded 2 times (x 79B)
Class org.gradle.util.GradleVersion                                                   : loaded 2 times (x 79B)
Class org.gradle.internal.installation.CurrentGradleInstallation                      : loaded 2 times (x 69B)
Class org.gradle.util.internal.GUtil                                                  : loaded 2 times (x 67B)
Class org.gradle.internal.installation.GradleInstallation                             : loaded 2 times (x 71B)

---------------  S Y S T E M  ---------------

OS:
 Windows 11 , 64 bit Build 26100 (10.0.26100.7920)
OS uptime: 0 days 4:21 hours

CPU: total 8 (initial active 8) (4 cores per cpu, 2 threads per core) family 6 model 142 stepping 10 microcode 0xe0, cx8, cmov, fxsr, ht, mmx, 3dnowpref, sse, sse2, sse3, ssse3, sse4.1, sse4.2, popcnt, lzcnt, tsc, tscinvbit, avx, avx2, aes, erms, clmul, bmi1, bmi2, adx, fma, vzeroupper, clflush, clflushopt, rdtscp, f16c
Processor Information for the first 8 processors :
  Max Mhz: 1800, Current Mhz: 1600, Mhz Limit: 1584

Memory: 4k page, system-wide physical 8066M (891M free)
TotalPageFile size 9709M (AvailPageFile size 4M)
current process WorkingSet (physical memory assigned to process): 286M, peak: 287M
current process commit charge ("private bytes"): 338M, peak: 339M

vm_info: OpenJDK 64-Bit Server VM (21.0.6+-13368085-b895.109) for windows-amd64 JRE (21.0.6+-13368085-b895.109), built on 2025-04-16T17:01:31Z by "builder" with MS VC++ 16.10 / 16.11 (VS2019)

END.
