#
# There is insufficient memory for the Java Runtime Environment to continue.
# Native memory allocation (malloc) failed to allocate 1303824 bytes. Error detail: Chunk::new
# Possible reasons:
#   The system is out of physical RAM or swap space
#   This process is running with CompressedOops enabled, and the Java Heap may be blocking the growth of the native heap
# Possible solutions:
#   Reduce memory load on the system
#   Increase physical memory or swap space
#   Check if swap backing store is full
#   Decrease Java heap size (-Xmx/-Xms)
#   Decrease number of Java threads
#   Decrease Java thread stack sizes (-Xss)
#   Set larger code cache with -XX:ReservedCodeCacheSize=
#   JVM is running with Unscaled Compressed Oops mode in which the Java heap is
#     placed in the first 4GB address space. The Java Heap base address is the
#     maximum limit for the native heap growth. Please use -XX:HeapBaseMinAddress
#     to set the Java Heap base and to place the Java Heap above 4GB virtual address.
# This output file may be truncated or incomplete.
#
#  Out of Memory Error (arena.cpp:168), pid=2756, tid=5812
#
# JRE version: OpenJDK Runtime Environment (21.0.6) (build 21.0.6+-13368085-b895.109)
# Java VM: OpenJDK 64-Bit Server VM (21.0.6+-13368085-b895.109, mixed mode, tiered, compressed oops, compressed class ptrs, g1 gc, windows-amd64)
# No core dump will be written. Minidumps are not enabled by default on client versions of Windows
#

---------------  S U M M A R Y ------------

Command Line: --add-opens=java.base/java.lang=ALL-UNNAMED --add-opens=java.base/java.lang.invoke=ALL-UNNAMED --add-opens=java.base/java.util=ALL-UNNAMED --add-opens=java.prefs/java.util.prefs=ALL-UNNAMED --add-exports=jdk.compiler/com.sun.tools.javac.api=ALL-UNNAMED --add-exports=jdk.compiler/com.sun.tools.javac.util=ALL-UNNAMED --add-opens=java.base/java.util=ALL-UNNAMED --add-opens=java.prefs/java.util.prefs=ALL-UNNAMED --add-opens=java.base/java.nio.charset=ALL-UNNAMED --add-opens=java.base/java.net=ALL-UNNAMED --add-opens=java.base/java.util.concurrent.atomic=ALL-UNNAMED --add-opens=java.xml/javax.xml.namespace=ALL-UNNAMED -Xmx2048m -Dfile.encoding=UTF-8 -Duser.country=US -Duser.language=en -Duser.variant -javaagent:C:\Users\thero\.gradle\wrapper\dists\gradle-8.11.1-bin\bpt9gzteqjrbo1mjrsomdt32c\gradle-8.11.1\lib\agents\gradle-instrumentation-agent-8.11.1.jar org.gradle.launcher.daemon.bootstrap.GradleDaemon 8.11.1

Host: Intel(R) Core(TM) i5-8250U CPU @ 1.60GHz, 8 cores, 7G,  Windows 11 , 64 bit Build 26100 (10.0.26100.7920)
Time: Fri Mar 27 02:13:24 2026 India Standard Time elapsed time: 5.890011 seconds (0d 0h 0m 5s)

---------------  T H R E A D  ---------------

Current thread (0x0000022caa7faab0):  JavaThread "C2 CompilerThread0" daemon [_thread_in_native, id=5812, stack(0x0000008dd5b00000,0x0000008dd5c00000) (1024K)]


Current CompileTask:
C2:5890 5811   !   4       java.net.URLClassLoader::findClass (47 bytes)

Stack: [0x0000008dd5b00000,0x0000008dd5c00000]
Native frames: (J=compiled Java code, j=interpreted, Vv=VM code, C=native code)
V  [jvm.dll+0x6d0639]
V  [jvm.dll+0x85eb03]
V  [jvm.dll+0x86105e]
V  [jvm.dll+0x861743]
V  [jvm.dll+0x27e6e6]
V  [jvm.dll+0xbff6d]
V  [jvm.dll+0xc04a3]
V  [jvm.dll+0x3b61ab]
V  [jvm.dll+0x1de684]
V  [jvm.dll+0x247dd4]
V  [jvm.dll+0x247251]
V  [jvm.dll+0x1c5f04]
V  [jvm.dll+0x2569ac]
V  [jvm.dll+0x254ef6]
V  [jvm.dll+0x3f0e96]
V  [jvm.dll+0x806ed8]
V  [jvm.dll+0x6cef0d]
C  [ucrtbase.dll+0x37b0]
C  [KERNEL32.DLL+0x2e8d7]
C  [ntdll.dll+0x8c48c]


---------------  P R O C E S S  ---------------

Threads class SMR info:
_java_thread_list=0x0000022cb2081620, length=60, elements={
0x0000022c92ece2d0, 0x0000022caa77bf10, 0x0000022caa7aff70, 0x0000022caa7c3500,
0x0000022caa7c4d00, 0x0000022caa7cf460, 0x0000022caa7d8640, 0x0000022caa7faab0,
0x0000022caa8003a0, 0x0000022caa8f71e0, 0x0000022caaafae30, 0x0000022caa802c80,
0x0000022cb09441f0, 0x0000022cb0922430, 0x0000022cb0df45b0, 0x0000022cb09185b0,
0x0000022cb0918c10, 0x0000022cb0c73d30, 0x0000022cb0c31ca0, 0x0000022cb0c32300,
0x0000022cb0cb1200, 0x0000022cb0c11cb0, 0x0000022cb0c0fbe0, 0x0000022cb0c0eec0,
0x0000022cb0c0e830, 0x0000022caa800a70, 0x0000022cb0c10270, 0x0000022cb0c10900,
0x0000022cb0c10f90, 0x0000022cb0c11620, 0x0000022cb5475ac0, 0x0000022cb5476150,
0x0000022cb54739f0, 0x0000022cb54767e0, 0x0000022cb5474710, 0x0000022cb5475430,
0x0000022cb5476e70, 0x0000022cb5477500, 0x0000022cb5474080, 0x0000022cb5477b90,
0x0000022cb5474da0, 0x0000022cb547a2f0, 0x0000022cb5687490, 0x0000022cb5689bf0,
0x0000022cb568a280, 0x0000022cb5686e00, 0x0000022cb568a910, 0x0000022cb5687b20,
0x0000022cb5689560, 0x0000022cb568afa0, 0x0000022cb568b630, 0x0000022cb56881b0,
0x0000022cb568bcc0, 0x0000022cb568e420, 0x0000022cb568c350, 0x0000022cb568c9e0,
0x0000022cb568d070, 0x0000022cb568d700, 0x0000022cb568dd90, 0x0000022cb53cd580
}

Java Threads: ( => current thread )
  0x0000022c92ece2d0 JavaThread "main"                              [_thread_blocked, id=5284, stack(0x0000008dd4d00000,0x0000008dd4e00000) (1024K)]
  0x0000022caa77bf10 JavaThread "Reference Handler"          daemon [_thread_blocked, id=12316, stack(0x0000008dd5500000,0x0000008dd5600000) (1024K)]
  0x0000022caa7aff70 JavaThread "Finalizer"                  daemon [_thread_blocked, id=13064, stack(0x0000008dd5600000,0x0000008dd5700000) (1024K)]
  0x0000022caa7c3500 JavaThread "Signal Dispatcher"          daemon [_thread_blocked, id=18060, stack(0x0000008dd5700000,0x0000008dd5800000) (1024K)]
  0x0000022caa7c4d00 JavaThread "Attach Listener"            daemon [_thread_blocked, id=13040, stack(0x0000008dd5800000,0x0000008dd5900000) (1024K)]
  0x0000022caa7cf460 JavaThread "Service Thread"             daemon [_thread_blocked, id=8180, stack(0x0000008dd5900000,0x0000008dd5a00000) (1024K)]
  0x0000022caa7d8640 JavaThread "Monitor Deflation Thread"   daemon [_thread_blocked, id=12052, stack(0x0000008dd5a00000,0x0000008dd5b00000) (1024K)]
=>0x0000022caa7faab0 JavaThread "C2 CompilerThread0"         daemon [_thread_in_native, id=5812, stack(0x0000008dd5b00000,0x0000008dd5c00000) (1024K)]
  0x0000022caa8003a0 JavaThread "C1 CompilerThread0"         daemon [_thread_blocked, id=11160, stack(0x0000008dd5c00000,0x0000008dd5d00000) (1024K)]
  0x0000022caa8f71e0 JavaThread "Common-Cleaner"             daemon [_thread_blocked, id=16032, stack(0x0000008dd5d00000,0x0000008dd5e00000) (1024K)]
  0x0000022caaafae30 JavaThread "Notification Thread"        daemon [_thread_blocked, id=7388, stack(0x0000008dd5e00000,0x0000008dd5f00000) (1024K)]
  0x0000022caa802c80 JavaThread "C2 CompilerThread1"         daemon [_thread_in_native, id=8452, stack(0x0000008dd5f00000,0x0000008dd6000000) (1024K)]
  0x0000022cb09441f0 JavaThread "Daemon health stats"               [_thread_blocked, id=8588, stack(0x0000008dd6500000,0x0000008dd6600000) (1024K)]
  0x0000022cb0922430 JavaThread "Incoming local TCP Connector on port 64884"        [_thread_in_native, id=16196, stack(0x0000008dd6600000,0x0000008dd6700000) (1024K)]
  0x0000022cb0df45b0 JavaThread "Daemon periodic checks"            [_thread_blocked, id=8312, stack(0x0000008dd6700000,0x0000008dd6800000) (1024K)]
  0x0000022cb09185b0 JavaThread "Daemon"                            [_thread_blocked, id=804, stack(0x0000008dd6800000,0x0000008dd6900000) (1024K)]
  0x0000022cb0918c10 JavaThread "Handler for socket connection from /127.0.0.1:64884 to /127.0.0.1:64885"        [_thread_in_native, id=10756, stack(0x0000008dd6900000,0x0000008dd6a00000) (1024K)]
  0x0000022cb0c73d30 JavaThread "Cancel handler"                    [_thread_blocked, id=16140, stack(0x0000008dd6a00000,0x0000008dd6b00000) (1024K)]
  0x0000022cb0c31ca0 JavaThread "Daemon worker"                     [_thread_in_vm, id=15936, stack(0x0000008dd6b00000,0x0000008dd6c00000) (1024K)]
  0x0000022cb0c32300 JavaThread "Asynchronous log dispatcher for DefaultDaemonConnection: socket connection from /127.0.0.1:64884 to /127.0.0.1:64885"        [_thread_blocked, id=6160, stack(0x0000008dd6c00000,0x0000008dd6d00000) (1024K)]
  0x0000022cb0cb1200 JavaThread "Stdin handler"                     [_thread_blocked, id=11204, stack(0x0000008dd6d00000,0x0000008dd6e00000) (1024K)]
  0x0000022cb0c11cb0 JavaThread "Daemon client event forwarder"        [_thread_blocked, id=17800, stack(0x0000008dd6e00000,0x0000008dd6f00000) (1024K)]
  0x0000022cb0c0fbe0 JavaThread "Cache worker for journal cache (C:\Users\thero\.gradle\caches\journal-1)"        [_thread_blocked, id=16344, stack(0x0000008dd7200000,0x0000008dd7300000) (1024K)]
  0x0000022cb0c0eec0 JavaThread "File lock request listener"        [_thread_in_native, id=17148, stack(0x0000008dd7300000,0x0000008dd7400000) (1024K)]
  0x0000022cb0c0e830 JavaThread "Cache worker for file hash cache (C:\Users\thero\.gradle\caches\8.11.1\fileHashes)"        [_thread_blocked, id=856, stack(0x0000008dd7400000,0x0000008dd7500000) (1024K)]
  0x0000022caa800a70 JavaThread "C2 CompilerThread2"         daemon [_thread_in_native, id=4832, stack(0x0000008dd7500000,0x0000008dd7600000) (1024K)]
  0x0000022cb0c10270 JavaThread "Cache worker for file content cache (C:\Users\thero\.gradle\caches\8.11.1\fileContent)"        [_thread_blocked, id=4392, stack(0x0000008dd7600000,0x0000008dd7700000) (1024K)]
  0x0000022cb0c10900 JavaThread "Cache worker for file hash cache (C:\Users\thero\LocationTrac\.gradle\8.11.1\fileHashes)"        [_thread_blocked, id=17552, stack(0x0000008dd7700000,0x0000008dd7800000) (1024K)]
  0x0000022cb0c10f90 JavaThread "Cache worker for Build Output Cleanup Cache (C:\Users\thero\LocationTrac\.gradle\buildOutputCleanup)"        [_thread_blocked, id=6920, stack(0x0000008dd7800000,0x0000008dd7900000) (1024K)]
  0x0000022cb0c11620 JavaThread "File watcher server"        daemon [_thread_in_native, id=16404, stack(0x0000008dd7900000,0x0000008dd7a00000) (1024K)]
  0x0000022cb5475ac0 JavaThread "File watcher consumer"      daemon [_thread_blocked, id=17164, stack(0x0000008dd7a00000,0x0000008dd7b00000) (1024K)]
  0x0000022cb5476150 JavaThread "jar transforms"                    [_thread_blocked, id=16804, stack(0x0000008dd7b00000,0x0000008dd7c00000) (1024K)]
  0x0000022cb54739f0 JavaThread "jar transforms Thread 2"           [_thread_blocked, id=4600, stack(0x0000008dd7c00000,0x0000008dd7d00000) (1024K)]
  0x0000022cb54767e0 JavaThread "jar transforms Thread 3"           [_thread_blocked, id=16252, stack(0x0000008dd7d00000,0x0000008dd7e00000) (1024K)]
  0x0000022cb5474710 JavaThread "jar transforms Thread 4"           [_thread_blocked, id=16728, stack(0x0000008dd7e00000,0x0000008dd7f00000) (1024K)]
  0x0000022cb5475430 JavaThread "jar transforms Thread 5"           [_thread_blocked, id=3300, stack(0x0000008dd7f00000,0x0000008dd8000000) (1024K)]
  0x0000022cb5476e70 JavaThread "jar transforms Thread 6"           [_thread_blocked, id=3852, stack(0x0000008dd8000000,0x0000008dd8100000) (1024K)]
  0x0000022cb5477500 JavaThread "jar transforms Thread 7"           [_thread_blocked, id=14760, stack(0x0000008dd8100000,0x0000008dd8200000) (1024K)]
  0x0000022cb5474080 JavaThread "jar transforms Thread 8"           [_thread_blocked, id=18316, stack(0x0000008dd8200000,0x0000008dd8300000) (1024K)]
  0x0000022cb5477b90 JavaThread "Cache worker for checksums cache (C:\Users\thero\LocationTrac\.gradle\8.11.1\checksums)"        [_thread_blocked, id=13060, stack(0x0000008dd8300000,0x0000008dd8400000) (1024K)]
  0x0000022cb5474da0 JavaThread "Cache worker for cache directory md-rule (C:\Users\thero\.gradle\caches\8.11.1\md-rule)"        [_thread_blocked, id=17728, stack(0x0000008dd8400000,0x0000008dd8500000) (1024K)]
  0x0000022cb547a2f0 JavaThread "Cache worker for cache directory md-supplier (C:\Users\thero\.gradle\caches\8.11.1\md-supplier)"        [_thread_blocked, id=1456, stack(0x0000008dd8500000,0x0000008dd8600000) (1024K)]
  0x0000022cb5687490 JavaThread "Unconstrained build operations"        [_thread_blocked, id=15620, stack(0x0000008dd8600000,0x0000008dd8700000) (1024K)]
  0x0000022cb5689bf0 JavaThread "Unconstrained build operations Thread 2"        [_thread_blocked, id=6900, stack(0x0000008dd8700000,0x0000008dd8800000) (1024K)]
  0x0000022cb568a280 JavaThread "Unconstrained build operations Thread 3"        [_thread_blocked, id=8184, stack(0x0000008dd8800000,0x0000008dd8900000) (1024K)]
  0x0000022cb5686e00 JavaThread "Unconstrained build operations Thread 4"        [_thread_blocked, id=17180, stack(0x0000008dd8900000,0x0000008dd8a00000) (1024K)]
  0x0000022cb568a910 JavaThread "Unconstrained build operations Thread 5"        [_thread_blocked, id=12364, stack(0x0000008dd8a00000,0x0000008dd8b00000) (1024K)]
  0x0000022cb5687b20 JavaThread "Unconstrained build operations Thread 6"        [_thread_blocked, id=12892, stack(0x0000008dd8b00000,0x0000008dd8c00000) (1024K)]
  0x0000022cb5689560 JavaThread "Unconstrained build operations Thread 7"        [_thread_blocked, id=17428, stack(0x0000008dd8c00000,0x0000008dd8d00000) (1024K)]
  0x0000022cb568afa0 JavaThread "Unconstrained build operations Thread 8"        [_thread_blocked, id=17864, stack(0x0000008dd8d00000,0x0000008dd8e00000) (1024K)]
  0x0000022cb568b630 JavaThread "Unconstrained build operations Thread 9"        [_thread_blocked, id=15424, stack(0x0000008dd8e00000,0x0000008dd8f00000) (1024K)]
  0x0000022cb56881b0 JavaThread "Unconstrained build operations Thread 10"        [_thread_blocked, id=15496, stack(0x0000008dd8f00000,0x0000008dd9000000) (1024K)]
  0x0000022cb568bcc0 JavaThread "Unconstrained build operations Thread 11"        [_thread_blocked, id=13692, stack(0x0000008dd9000000,0x0000008dd9100000) (1024K)]
  0x0000022cb568e420 JavaThread "Unconstrained build operations Thread 12"        [_thread_blocked, id=18420, stack(0x0000008dd9100000,0x0000008dd9200000) (1024K)]
  0x0000022cb568c350 JavaThread "Unconstrained build operations Thread 13"        [_thread_blocked, id=17584, stack(0x0000008dd9200000,0x0000008dd9300000) (1024K)]
  0x0000022cb568c9e0 JavaThread "Unconstrained build operations Thread 14"        [_thread_blocked, id=9276, stack(0x0000008dd9300000,0x0000008dd9400000) (1024K)]
  0x0000022cb568d070 JavaThread "Unconstrained build operations Thread 15"        [_thread_blocked, id=13168, stack(0x0000008dd9400000,0x0000008dd9500000) (1024K)]
  0x0000022cb568d700 JavaThread "Unconstrained build operations Thread 16"        [_thread_blocked, id=13984, stack(0x0000008dd9500000,0x0000008dd9600000) (1024K)]
  0x0000022cb568dd90 JavaThread "Unconstrained build operations Thread 17"        [_thread_blocked, id=11976, stack(0x0000008dd9600000,0x0000008dd9700000) (1024K)]
  0x0000022cb53cd580 JavaThread "Unconstrained build operations Thread 18"        [_thread_blocked, id=13228, stack(0x0000008dd9700000,0x0000008dd9800000) (1024K)]
Total: 60

Other Threads:
  0x0000022caa754980 VMThread "VM Thread"                           [id=2420, stack(0x0000008dd5400000,0x0000008dd5500000) (1024K)]
  0x0000022caa47d450 WatcherThread "VM Periodic Task Thread"        [id=15468, stack(0x0000008dd5300000,0x0000008dd5400000) (1024K)]
  0x0000022c90a8d070 WorkerThread "GC Thread#0"                     [id=1852, stack(0x0000008dd4e00000,0x0000008dd4f00000) (1024K)]
  0x0000022caf2ca510 WorkerThread "GC Thread#1"                     [id=11620, stack(0x0000008dd6100000,0x0000008dd6200000) (1024K)]
  0x0000022caf4af590 WorkerThread "GC Thread#2"                     [id=1100, stack(0x0000008dd6200000,0x0000008dd6300000) (1024K)]
  0x0000022caff46690 WorkerThread "GC Thread#3"                     [id=5400, stack(0x0000008dd6300000,0x0000008dd6400000) (1024K)]
  0x0000022caff46a30 WorkerThread "GC Thread#4"                     [id=11232, stack(0x0000008dd6400000,0x0000008dd6500000) (1024K)]
  0x0000022cb0964530 WorkerThread "GC Thread#5"                     [id=16888, stack(0x0000008dd6000000,0x0000008dd6100000) (1024K)]
  0x0000022cb0ce3560 WorkerThread "GC Thread#6"                     [id=6972, stack(0x0000008dd6f00000,0x0000008dd7000000) (1024K)]
  0x0000022cb0ce3900 WorkerThread "GC Thread#7"                     [id=15780, stack(0x0000008dd7000000,0x0000008dd7100000) (1024K)]
  0x0000022c92f33210 ConcurrentGCThread "G1 Main Marker"            [id=1492, stack(0x0000008dd4f00000,0x0000008dd5000000) (1024K)]
  0x0000022c92f34a60 WorkerThread "G1 Conc#0"                       [id=16068, stack(0x0000008dd5000000,0x0000008dd5100000) (1024K)]
  0x0000022cb0bc3aa0 WorkerThread "G1 Conc#1"                       [id=17316, stack(0x0000008dd7100000,0x0000008dd7200000) (1024K)]
  0x0000022c92f8e860 ConcurrentGCThread "G1 Refine#0"               [id=14832, stack(0x0000008dd5100000,0x0000008dd5200000) (1024K)]
  0x0000022caa342420 ConcurrentGCThread "G1 Service"                [id=11424, stack(0x0000008dd5200000,0x0000008dd5300000) (1024K)]
Total: 15

Threads with active compile tasks:
C2 CompilerThread0  5919 5811   !   4       java.net.URLClassLoader::findClass (47 bytes)
C2 CompilerThread1  5919 5915       4       java.net.URLClassLoader$1::run (5 bytes)
C2 CompilerThread2  5919 5916   !   4       java.net.URLClassLoader$1::run (81 bytes)
Total: 3

VM state: not at safepoint (normal execution)

VM Mutex/Monitor currently owned by a thread: None

Heap address: 0x0000000080000000, size: 2048 MB, Compressed Oops mode: 32-bit

CDS archive(s) not mapped
Compressed class space mapped at: 0x0000000100000000-0x0000000140000000, reserved size: 1073741824
Narrow klass base: 0x0000000000000000, Narrow klass shift: 3, Narrow klass range: 0x140000000

GC Precious Log:
 CardTable entry size: 512
 Card Set container configuration: InlinePtr #cards 5 size 8 Array Of Cards #cards 12 size 40 Howl #buckets 4 coarsen threshold 1843 Howl Bitmap #cards 512 size 80 coarsen threshold 460 Card regions per heap region 1 cards per card region 2048
 CPUs: 8 total, 8 available
 Memory: 8066M
 Large Page Support: Disabled
 NUMA Support: Disabled
 Compressed Oops: Enabled (32-bit)
 Heap Region Size: 1M
 Heap Min Capacity: 8M
 Heap Initial Capacity: 128M
 Heap Max Capacity: 2G
 Pre-touch: Disabled
 Parallel Workers: 8
 Concurrent Workers: 2
 Concurrent Refinement Workers: 8
 Periodic GC: Disabled

Heap:
 garbage-first heap   total 117760K, used 101870K [0x0000000080000000, 0x0000000100000000)
  region size 1024K, 33 young (33792K), 6 survivors (6144K)
 Metaspace       used 59488K, committed 61056K, reserved 1114112K
  class space    used 7985K, committed 8768K, reserved 1048576K

Heap Regions: E=young(eden), S=young(survivor), O=old, HS=humongous(starts), HC=humongous(continues), CS=collection set, F=free, TAMS=top-at-mark-start, PB=parsable bottom
|   0|0x0000000080000000, 0x0000000080100000, 0x0000000080100000|100%| O|  |TAMS 0x0000000080000000| PB 0x0000000080000000| Untracked 
|   1|0x0000000080100000, 0x0000000080200000, 0x0000000080200000|100%|HS|  |TAMS 0x0000000080100000| PB 0x0000000080100000| Complete 
|   2|0x0000000080200000, 0x0000000080300000, 0x0000000080300000|100%|HC|  |TAMS 0x0000000080200000| PB 0x0000000080200000| Complete 
|   3|0x0000000080300000, 0x0000000080400000, 0x0000000080400000|100%|HC|  |TAMS 0x0000000080300000| PB 0x0000000080300000| Complete 
|   4|0x0000000080400000, 0x0000000080500000, 0x0000000080500000|100%| O|  |TAMS 0x0000000080400000| PB 0x0000000080400000| Untracked 
|   5|0x0000000080500000, 0x0000000080600000, 0x0000000080600000|100%| O|  |TAMS 0x0000000080500000| PB 0x0000000080500000| Untracked 
|   6|0x0000000080600000, 0x0000000080700000, 0x0000000080700000|100%| O|  |TAMS 0x0000000080600000| PB 0x0000000080600000| Untracked 
|   7|0x0000000080700000, 0x0000000080800000, 0x0000000080800000|100%|HS|  |TAMS 0x0000000080700000| PB 0x0000000080700000| Complete 
|   8|0x0000000080800000, 0x0000000080900000, 0x0000000080900000|100%| O|  |TAMS 0x0000000080800000| PB 0x0000000080800000| Untracked 
|   9|0x0000000080900000, 0x0000000080a00000, 0x0000000080a00000|100%| O|  |TAMS 0x0000000080900000| PB 0x0000000080900000| Untracked 
|  10|0x0000000080a00000, 0x0000000080b00000, 0x0000000080b00000|100%| O|  |TAMS 0x0000000080a00000| PB 0x0000000080a00000| Untracked 
|  11|0x0000000080b00000, 0x0000000080c00000, 0x0000000080c00000|100%| O|  |TAMS 0x0000000080b00000| PB 0x0000000080b00000| Untracked 
|  12|0x0000000080c00000, 0x0000000080d00000, 0x0000000080d00000|100%| O|Cm|TAMS 0x0000000080c00000| PB 0x0000000080c00000| Complete 
|  13|0x0000000080d00000, 0x0000000080e00000, 0x0000000080e00000|100%|HS|  |TAMS 0x0000000080d00000| PB 0x0000000080d00000| Complete 
|  14|0x0000000080e00000, 0x0000000080f00000, 0x0000000080f00000|100%|HC|  |TAMS 0x0000000080e00000| PB 0x0000000080e00000| Complete 
|  15|0x0000000080f00000, 0x0000000081000000, 0x0000000081000000|100%|HC|  |TAMS 0x0000000080f00000| PB 0x0000000080f00000| Complete 
|  16|0x0000000081000000, 0x0000000081100000, 0x0000000081100000|100%|HC|  |TAMS 0x0000000081000000| PB 0x0000000081000000| Complete 
|  17|0x0000000081100000, 0x0000000081200000, 0x0000000081200000|100%|HC|  |TAMS 0x0000000081100000| PB 0x0000000081100000| Complete 
|  18|0x0000000081200000, 0x0000000081300000, 0x0000000081300000|100%|HC|  |TAMS 0x0000000081200000| PB 0x0000000081200000| Complete 
|  19|0x0000000081300000, 0x0000000081400000, 0x0000000081400000|100%|HS|  |TAMS 0x0000000081300000| PB 0x0000000081300000| Complete 
|  20|0x0000000081400000, 0x0000000081500000, 0x0000000081500000|100%|HC|  |TAMS 0x0000000081400000| PB 0x0000000081400000| Complete 
|  21|0x0000000081500000, 0x0000000081600000, 0x0000000081600000|100%|HC|  |TAMS 0x0000000081500000| PB 0x0000000081500000| Complete 
|  22|0x0000000081600000, 0x0000000081700000, 0x0000000081700000|100%|HC|  |TAMS 0x0000000081600000| PB 0x0000000081600000| Complete 
|  23|0x0000000081700000, 0x0000000081800000, 0x0000000081800000|100%|HS|  |TAMS 0x0000000081700000| PB 0x0000000081700000| Complete 
|  24|0x0000000081800000, 0x0000000081900000, 0x0000000081900000|100%|HC|  |TAMS 0x0000000081800000| PB 0x0000000081800000| Complete 
|  25|0x0000000081900000, 0x0000000081a00000, 0x0000000081a00000|100%|HS|  |TAMS 0x0000000081900000| PB 0x0000000081900000| Complete 
|  26|0x0000000081a00000, 0x0000000081b00000, 0x0000000081b00000|100%| O|  |TAMS 0x0000000081a00000| PB 0x0000000081a00000| Untracked 
|  27|0x0000000081b00000, 0x0000000081c00000, 0x0000000081c00000|100%| O|  |TAMS 0x0000000081b00000| PB 0x0000000081b00000| Untracked 
|  28|0x0000000081c00000, 0x0000000081d00000, 0x0000000081d00000|100%| O|  |TAMS 0x0000000081c00000| PB 0x0000000081c00000| Untracked 
|  29|0x0000000081d00000, 0x0000000081e00000, 0x0000000081e00000|100%| O|  |TAMS 0x0000000081d00000| PB 0x0000000081d00000| Untracked 
|  30|0x0000000081e00000, 0x0000000081f00000, 0x0000000081f00000|100%| O|  |TAMS 0x0000000081e00000| PB 0x0000000081e00000| Untracked 
|  31|0x0000000081f00000, 0x0000000082000000, 0x0000000082000000|100%| O|  |TAMS 0x0000000081f00000| PB 0x0000000081f00000| Untracked 
|  32|0x0000000082000000, 0x0000000082100000, 0x0000000082100000|100%| O|  |TAMS 0x0000000082000000| PB 0x0000000082000000| Untracked 
|  33|0x0000000082100000, 0x0000000082200000, 0x0000000082200000|100%| O|  |TAMS 0x0000000082100000| PB 0x0000000082100000| Untracked 
|  34|0x0000000082200000, 0x0000000082300000, 0x0000000082300000|100%| O|  |TAMS 0x0000000082200000| PB 0x0000000082200000| Untracked 
|  35|0x0000000082300000, 0x0000000082400000, 0x0000000082400000|100%| O|  |TAMS 0x0000000082300000| PB 0x0000000082300000| Untracked 
|  36|0x0000000082400000, 0x0000000082500000, 0x0000000082500000|100%|HS|  |TAMS 0x0000000082400000| PB 0x0000000082400000| Complete 
|  37|0x0000000082500000, 0x0000000082600000, 0x0000000082600000|100%|HC|  |TAMS 0x0000000082500000| PB 0x0000000082500000| Complete 
|  38|0x0000000082600000, 0x0000000082700000, 0x0000000082700000|100%| O|  |TAMS 0x0000000082600000| PB 0x0000000082600000| Untracked 
|  39|0x0000000082700000, 0x0000000082800000, 0x0000000082800000|100%| O|  |TAMS 0x0000000082700000| PB 0x0000000082700000| Untracked 
|  40|0x0000000082800000, 0x0000000082900000, 0x0000000082900000|100%| O|  |TAMS 0x0000000082800000| PB 0x0000000082800000| Untracked 
|  41|0x0000000082900000, 0x0000000082a00000, 0x0000000082a00000|100%| O|  |TAMS 0x0000000082900000| PB 0x0000000082900000| Untracked 
|  42|0x0000000082a00000, 0x0000000082b00000, 0x0000000082b00000|100%| O|  |TAMS 0x0000000082a00000| PB 0x0000000082a00000| Untracked 
|  43|0x0000000082b00000, 0x0000000082c00000, 0x0000000082c00000|100%|HS|  |TAMS 0x0000000082b00000| PB 0x0000000082b00000| Complete 
|  44|0x0000000082c00000, 0x0000000082d00000, 0x0000000082d00000|100%|HC|  |TAMS 0x0000000082c00000| PB 0x0000000082c00000| Complete 
|  45|0x0000000082d00000, 0x0000000082e00000, 0x0000000082e00000|100%|HC|  |TAMS 0x0000000082d00000| PB 0x0000000082d00000| Complete 
|  46|0x0000000082e00000, 0x0000000082f00000, 0x0000000082f00000|100%|HC|  |TAMS 0x0000000082e00000| PB 0x0000000082e00000| Complete 
|  47|0x0000000082f00000, 0x0000000083000000, 0x0000000083000000|100%|HC|  |TAMS 0x0000000082f00000| PB 0x0000000082f00000| Complete 
|  48|0x0000000083000000, 0x0000000083100000, 0x0000000083100000|100%|HC|  |TAMS 0x0000000083000000| PB 0x0000000083000000| Complete 
|  49|0x0000000083100000, 0x0000000083200000, 0x0000000083200000|100%|HS|  |TAMS 0x0000000083100000| PB 0x0000000083100000| Complete 
|  50|0x0000000083200000, 0x0000000083300000, 0x0000000083300000|100%|HC|  |TAMS 0x0000000083200000| PB 0x0000000083200000| Complete 
|  51|0x0000000083300000, 0x0000000083400000, 0x0000000083400000|100%|HC|  |TAMS 0x0000000083300000| PB 0x0000000083300000| Complete 
|  52|0x0000000083400000, 0x0000000083500000, 0x0000000083500000|100%|HC|  |TAMS 0x0000000083400000| PB 0x0000000083400000| Complete 
|  53|0x0000000083500000, 0x0000000083600000, 0x0000000083600000|100%|HC|  |TAMS 0x0000000083500000| PB 0x0000000083500000| Complete 
|  54|0x0000000083600000, 0x0000000083700000, 0x0000000083700000|100%|HC|  |TAMS 0x0000000083600000| PB 0x0000000083600000| Complete 
|  55|0x0000000083700000, 0x0000000083800000, 0x0000000083800000|100%|HS|  |TAMS 0x0000000083700000| PB 0x0000000083700000| Complete 
|  56|0x0000000083800000, 0x0000000083800000, 0x0000000083900000|  0%| F|  |TAMS 0x0000000083800000| PB 0x0000000083800000| Untracked 
|  57|0x0000000083900000, 0x0000000083900000, 0x0000000083a00000|  0%| F|  |TAMS 0x0000000083900000| PB 0x0000000083900000| Untracked 
|  58|0x0000000083a00000, 0x0000000083a00000, 0x0000000083b00000|  0%| F|  |TAMS 0x0000000083a00000| PB 0x0000000083a00000| Untracked 
|  59|0x0000000083b00000, 0x0000000083b00000, 0x0000000083c00000|  0%| F|  |TAMS 0x0000000083b00000| PB 0x0000000083b00000| Untracked 
|  60|0x0000000083c00000, 0x0000000083c00000, 0x0000000083d00000|  0%| F|  |TAMS 0x0000000083c00000| PB 0x0000000083c00000| Untracked 
|  61|0x0000000083d00000, 0x0000000083d00000, 0x0000000083e00000|  0%| F|  |TAMS 0x0000000083d00000| PB 0x0000000083d00000| Untracked 
|  62|0x0000000083e00000, 0x0000000083e00000, 0x0000000083f00000|  0%| F|  |TAMS 0x0000000083e00000| PB 0x0000000083e00000| Untracked 
|  63|0x0000000083f00000, 0x0000000083f00000, 0x0000000084000000|  0%| F|  |TAMS 0x0000000083f00000| PB 0x0000000083f00000| Untracked 
|  64|0x0000000084000000, 0x0000000084000000, 0x0000000084100000|  0%| F|  |TAMS 0x0000000084000000| PB 0x0000000084000000| Untracked 
|  65|0x0000000084100000, 0x0000000084100000, 0x0000000084200000|  0%| F|  |TAMS 0x0000000084100000| PB 0x0000000084100000| Untracked 
|  66|0x0000000084200000, 0x0000000084200000, 0x0000000084300000|  0%| F|  |TAMS 0x0000000084200000| PB 0x0000000084200000| Untracked 
|  67|0x0000000084300000, 0x0000000084300000, 0x0000000084400000|  0%| F|  |TAMS 0x0000000084300000| PB 0x0000000084300000| Untracked 
|  68|0x0000000084400000, 0x0000000084400000, 0x0000000084500000|  0%| F|  |TAMS 0x0000000084400000| PB 0x0000000084400000| Untracked 
|  69|0x0000000084500000, 0x0000000084500000, 0x0000000084600000|  0%| F|  |TAMS 0x0000000084500000| PB 0x0000000084500000| Untracked 
|  70|0x0000000084600000, 0x0000000084700000, 0x0000000084700000|100%| E|  |TAMS 0x0000000084600000| PB 0x0000000084600000| Complete 
|  71|0x0000000084700000, 0x0000000084800000, 0x0000000084800000|100%| E|CS|TAMS 0x0000000084700000| PB 0x0000000084700000| Complete 
|  72|0x0000000084800000, 0x0000000084900000, 0x0000000084900000|100%| E|CS|TAMS 0x0000000084800000| PB 0x0000000084800000| Complete 
|  73|0x0000000084900000, 0x0000000084a00000, 0x0000000084a00000|100%| E|CS|TAMS 0x0000000084900000| PB 0x0000000084900000| Complete 
|  74|0x0000000084a00000, 0x0000000084b00000, 0x0000000084b00000|100%| E|CS|TAMS 0x0000000084a00000| PB 0x0000000084a00000| Complete 
|  75|0x0000000084b00000, 0x0000000084c00000, 0x0000000084c00000|100%| E|CS|TAMS 0x0000000084b00000| PB 0x0000000084b00000| Complete 
|  76|0x0000000084c00000, 0x0000000084d00000, 0x0000000084d00000|100%| E|CS|TAMS 0x0000000084c00000| PB 0x0000000084c00000| Complete 
|  77|0x0000000084d00000, 0x0000000084e00000, 0x0000000084e00000|100%| E|CS|TAMS 0x0000000084d00000| PB 0x0000000084d00000| Complete 
|  78|0x0000000084e00000, 0x0000000084f00000, 0x0000000084f00000|100%| E|CS|TAMS 0x0000000084e00000| PB 0x0000000084e00000| Complete 
|  79|0x0000000084f00000, 0x0000000085000000, 0x0000000085000000|100%| E|CS|TAMS 0x0000000084f00000| PB 0x0000000084f00000| Complete 
|  80|0x0000000085000000, 0x0000000085100000, 0x0000000085100000|100%| E|CS|TAMS 0x0000000085000000| PB 0x0000000085000000| Complete 
|  81|0x0000000085100000, 0x0000000085200000, 0x0000000085200000|100%| E|CS|TAMS 0x0000000085100000| PB 0x0000000085100000| Complete 
|  82|0x0000000085200000, 0x0000000085300000, 0x0000000085300000|100%| E|CS|TAMS 0x0000000085200000| PB 0x0000000085200000| Complete 
|  83|0x0000000085300000, 0x0000000085400000, 0x0000000085400000|100%| E|CS|TAMS 0x0000000085300000| PB 0x0000000085300000| Complete 
|  84|0x0000000085400000, 0x0000000085500000, 0x0000000085500000|100%| E|CS|TAMS 0x0000000085400000| PB 0x0000000085400000| Complete 
|  85|0x0000000085500000, 0x0000000085600000, 0x0000000085600000|100%| E|CS|TAMS 0x0000000085500000| PB 0x0000000085500000| Complete 
|  86|0x0000000085600000, 0x0000000085700000, 0x0000000085700000|100%| E|CS|TAMS 0x0000000085600000| PB 0x0000000085600000| Complete 
|  87|0x0000000085700000, 0x0000000085800000, 0x0000000085800000|100%| S|CS|TAMS 0x0000000085700000| PB 0x0000000085700000| Complete 
|  88|0x0000000085800000, 0x0000000085900000, 0x0000000085900000|100%| S|CS|TAMS 0x0000000085800000| PB 0x0000000085800000| Complete 
|  89|0x0000000085900000, 0x0000000085a00000, 0x0000000085a00000|100%| S|CS|TAMS 0x0000000085900000| PB 0x0000000085900000| Complete 
|  90|0x0000000085a00000, 0x0000000085b00000, 0x0000000085b00000|100%| S|CS|TAMS 0x0000000085a00000| PB 0x0000000085a00000| Complete 
|  91|0x0000000085b00000, 0x0000000085c00000, 0x0000000085c00000|100%| S|CS|TAMS 0x0000000085b00000| PB 0x0000000085b00000| Complete 
|  92|0x0000000085c00000, 0x0000000085d00000, 0x0000000085d00000|100%| S|CS|TAMS 0x0000000085c00000| PB 0x0000000085c00000| Complete 
|  95|0x0000000085f00000, 0x0000000086000000, 0x0000000086000000|100%| E|CS|TAMS 0x0000000085f00000| PB 0x0000000085f00000| Complete 
|  96|0x0000000086000000, 0x0000000086100000, 0x0000000086100000|100%| E|CS|TAMS 0x0000000086000000| PB 0x0000000086000000| Complete 
|  97|0x0000000086100000, 0x0000000086200000, 0x0000000086200000|100%| E|CS|TAMS 0x0000000086100000| PB 0x0000000086100000| Complete 
|  98|0x0000000086200000, 0x0000000086300000, 0x0000000086300000|100%| E|CS|TAMS 0x0000000086200000| PB 0x0000000086200000| Complete 
|  99|0x0000000086300000, 0x0000000086400000, 0x0000000086400000|100%| E|CS|TAMS 0x0000000086300000| PB 0x0000000086300000| Complete 
| 100|0x0000000086400000, 0x0000000086500000, 0x0000000086500000|100%| E|CS|TAMS 0x0000000086400000| PB 0x0000000086400000| Complete 
| 101|0x0000000086500000, 0x0000000086600000, 0x0000000086600000|100%| E|CS|TAMS 0x0000000086500000| PB 0x0000000086500000| Complete 
| 102|0x0000000086600000, 0x0000000086700000, 0x0000000086700000|100%| E|CS|TAMS 0x0000000086600000| PB 0x0000000086600000| Complete 
| 103|0x0000000086700000, 0x0000000086800000, 0x0000000086800000|100%| E|CS|TAMS 0x0000000086700000| PB 0x0000000086700000| Complete 
| 127|0x0000000087f00000, 0x0000000088000000, 0x0000000088000000|100%| E|CS|TAMS 0x0000000087f00000| PB 0x0000000087f00000| Complete 
|2036|0x00000000ff400000, 0x00000000ff47b9a0, 0x00000000ff500000| 48%| O|  |TAMS 0x00000000ff400000| PB 0x00000000ff400000| Untracked 
|2037|0x00000000ff500000, 0x00000000ff600000, 0x00000000ff600000|100%| O|  |TAMS 0x00000000ff500000| PB 0x00000000ff500000| Untracked 
|2038|0x00000000ff600000, 0x00000000ff700000, 0x00000000ff700000|100%| O|  |TAMS 0x00000000ff600000| PB 0x00000000ff600000| Untracked 
|2039|0x00000000ff700000, 0x00000000ff800000, 0x00000000ff800000|100%| O|  |TAMS 0x00000000ff700000| PB 0x00000000ff700000| Untracked 
|2040|0x00000000ff800000, 0x00000000ff900000, 0x00000000ff900000|100%| O|  |TAMS 0x00000000ff800000| PB 0x00000000ff800000| Untracked 
|2041|0x00000000ff900000, 0x00000000ffa00000, 0x00000000ffa00000|100%| O|  |TAMS 0x00000000ff900000| PB 0x00000000ff900000| Untracked 
|2042|0x00000000ffa00000, 0x00000000ffb00000, 0x00000000ffb00000|100%| O|  |TAMS 0x00000000ffa00000| PB 0x00000000ffa00000| Untracked 
|2043|0x00000000ffb00000, 0x00000000ffc00000, 0x00000000ffc00000|100%| O|  |TAMS 0x00000000ffb00000| PB 0x00000000ffb00000| Untracked 
|2044|0x00000000ffc00000, 0x00000000ffd00000, 0x00000000ffd00000|100%| O|  |TAMS 0x00000000ffc00000| PB 0x00000000ffc00000| Untracked 
|2045|0x00000000ffd00000, 0x00000000ffe00000, 0x00000000ffe00000|100%| O|  |TAMS 0x00000000ffd00000| PB 0x00000000ffd00000| Untracked 
|2046|0x00000000ffe00000, 0x00000000fff00000, 0x00000000fff00000|100%| O|  |TAMS 0x00000000ffe00000| PB 0x00000000ffe00000| Untracked 
|2047|0x00000000fff00000, 0x0000000100000000, 0x0000000100000000|100%| O|  |TAMS 0x00000000fff00000| PB 0x00000000fff00000| Untracked 

Card table byte_map: [0x0000022ca5750000,0x0000022ca5b50000] _byte_map_base: 0x0000022ca5350000

Marking Bits: (CMBitMap*) 0x0000022c90a8d680
 Bits: [0x0000022ca5b50000, 0x0000022ca7b50000)

Polling page: 0x0000022c90ca0000

Metaspace:

Usage:
  Non-class:     50.31 MB used.
      Class:      7.80 MB used.
       Both:     58.11 MB used.

Virtual space:
  Non-class space:       64.00 MB reserved,      51.12 MB ( 80%) committed,  1 nodes.
      Class space:        1.00 GB reserved,       8.56 MB ( <1%) committed,  1 nodes.
             Both:        1.06 GB reserved,      59.69 MB (  5%) committed. 

Chunk freelists:
   Non-Class:  12.05 MB
       Class:  7.27 MB
        Both:  19.32 MB

MaxMetaspaceSize: unlimited
CompressedClassSpaceSize: 1.00 GB
Initial GC threshold: 21.00 MB
Current GC threshold: 94.00 MB
CDS: off
 - commit_granule_bytes: 65536.
 - commit_granule_words: 8192.
 - virtual_space_node_default_size: 8388608.
 - enlarge_chunks_in_place: 1.
 - use_allocation_guard: 0.


Internal statistics:

num_allocs_failed_limit: 6.
num_arena_births: 2830.
num_arena_deaths: 0.
num_vsnodes_births: 2.
num_vsnodes_deaths: 0.
num_space_committed: 955.
num_space_uncommitted: 0.
num_chunks_returned_to_freelist: 6.
num_chunks_taken_from_freelist: 5213.
num_chunk_merges: 6.
num_chunk_splits: 3342.
num_chunks_enlarged: 2045.
num_inconsistent_stats: 0.

CodeHeap 'non-profiled nmethods': size=120000Kb used=3080Kb max_used=3080Kb free=116919Kb
 bounds [0x0000022c9daf0000, 0x0000022c9de00000, 0x0000022ca5020000]
CodeHeap 'profiled nmethods': size=120000Kb used=10252Kb max_used=10252Kb free=109747Kb
 bounds [0x0000022c96020000, 0x0000022c96a30000, 0x0000022c9d550000]
CodeHeap 'non-nmethods': size=5760Kb used=2703Kb max_used=2767Kb free=3056Kb
 bounds [0x0000022c9d550000, 0x0000022c9d820000, 0x0000022c9daf0000]
 total_blobs=6223 nmethods=5366 adapters=761
 compilation: enabled
              stopped_count=0, restarted_count=0
 full_count=0

Compilation events (20 events):
Event: 5.855 Thread 0x0000022caa8003a0 5907       3       com.google.common.collect.Iterables::castOrCopyToCollection (24 bytes)
Event: 5.855 Thread 0x0000022caa8003a0 nmethod 5907 0x0000022c96a13510 code [0x0000022c96a13720, 0x0000022c96a13e40]
Event: 5.859 Thread 0x0000022caa8003a0 5908   !   3       java.util.concurrent.ConcurrentHashMap::compute (654 bytes)
Event: 5.861 Thread 0x0000022caa8003a0 nmethod 5908 0x0000022c96a14010 code [0x0000022c96a144c0, 0x0000022c96a16a88]
Event: 5.861 Thread 0x0000022caa8003a0 5912       3       jdk.internal.jimage.BasicImageReader::verifyLocation (39 bytes)
Event: 5.862 Thread 0x0000022caa8003a0 nmethod 5912 0x0000022c96a17f10 code [0x0000022c96a180e0, 0x0000022c96a183b8]
Event: 5.862 Thread 0x0000022caa8003a0 5909       3       java.util.concurrent.atomic.AtomicReference::<init> (5 bytes)
Event: 5.862 Thread 0x0000022caa8003a0 nmethod 5909 0x0000022c96a18510 code [0x0000022c96a186c0, 0x0000022c96a18828]
Event: 5.862 Thread 0x0000022caa8003a0 5913       3       java.util.concurrent.locks.AbstractQueuedSynchronizer$ConditionObject::enableWait (84 bytes)
Event: 5.862 Thread 0x0000022caa8003a0 nmethod 5913 0x0000022c96a18910 code [0x0000022c96a18b40, 0x0000022c96a19260]
Event: 5.862 Thread 0x0000022caa8003a0 5910       3       org.gradle.internal.instantiation.generator.AsmBackedClassGenerator::getServicesForNext (13 bytes)
Event: 5.862 Thread 0x0000022caa8003a0 nmethod 5910 0x0000022c96a19510 code [0x0000022c96a196e0, 0x0000022c96a199e0]
Event: 5.862 Thread 0x0000022caa8003a0 5911       3       com.google.common.collect.ImmutableSet::of (4 bytes)
Event: 5.862 Thread 0x0000022caa8003a0 nmethod 5911 0x0000022c9661ff10 code [0x0000022c966200a0, 0x0000022c96620198]
Event: 5.862 Thread 0x0000022caa802c80 5914       4       sun.instrument.InstrumentationImpl::transform (73 bytes)
Event: 5.870 Thread 0x0000022caa802c80 nmethod 5914 0x0000022c9ddf1190 code [0x0000022c9ddf1380, 0x0000022c9ddf19c0]
Event: 5.872 Thread 0x0000022caa802c80 5915       4       java.net.URLClassLoader$1::run (5 bytes)
Event: 5.872 Thread 0x0000022caa800a70 5916   !   4       java.net.URLClassLoader$1::run (81 bytes)
Event: 5.877 Thread 0x0000022caa8003a0 5917   !   3       java.util.concurrent.locks.AbstractQueuedSynchronizer$ConditionObject::newConditionNode (78 bytes)
Event: 5.878 Thread 0x0000022caa8003a0 nmethod 5917 0x0000022c96a19b10 code [0x0000022c96a19d80, 0x0000022c96a1a538]

GC Heap History (20 events):
Event: 1.913 GC heap before
{Heap before GC invocations=3 (full 0):
 garbage-first heap   total 131072K, used 39562K [0x0000000080000000, 0x0000000100000000)
  region size 1024K, 29 young (29696K), 5 survivors (5120K)
 Metaspace       used 21216K, committed 21504K, reserved 1114112K
  class space    used 2431K, committed 2560K, reserved 1048576K
}
Event: 1.918 GC heap after
{Heap after GC invocations=4 (full 0):
 garbage-first heap   total 131072K, used 20363K [0x0000000080000000, 0x0000000100000000)
  region size 1024K, 9 young (9216K), 9 survivors (9216K)
 Metaspace       used 21216K, committed 21504K, reserved 1114112K
  class space    used 2431K, committed 2560K, reserved 1048576K
}
Event: 2.550 GC heap before
{Heap before GC invocations=5 (full 0):
 garbage-first heap   total 71680K, used 70539K [0x0000000080000000, 0x0000000100000000)
  region size 1024K, 58 young (59392K), 9 survivors (9216K)
 Metaspace       used 29450K, committed 30016K, reserved 1114112K
  class space    used 3742K, committed 4032K, reserved 1048576K
}
Event: 2.557 GC heap after
{Heap after GC invocations=6 (full 0):
 garbage-first heap   total 83968K, used 23099K [0x0000000080000000, 0x0000000100000000)
  region size 1024K, 7 young (7168K), 7 survivors (7168K)
 Metaspace       used 29450K, committed 30016K, reserved 1114112K
  class space    used 3742K, committed 4032K, reserved 1048576K
}
Event: 3.099 GC heap before
{Heap before GC invocations=6 (full 0):
 garbage-first heap   total 83968K, used 76347K [0x0000000080000000, 0x0000000100000000)
  region size 1024K, 48 young (49152K), 7 survivors (7168K)
 Metaspace       used 34789K, committed 35648K, reserved 1114112K
  class space    used 4663K, committed 5056K, reserved 1048576K
}
Event: 3.105 GC heap after
{Heap after GC invocations=7 (full 0):
 garbage-first heap   total 108544K, used 39147K [0x0000000080000000, 0x0000000100000000)
  region size 1024K, 6 young (6144K), 6 survivors (6144K)
 Metaspace       used 34789K, committed 35648K, reserved 1114112K
  class space    used 4663K, committed 5056K, reserved 1048576K
}
Event: 3.158 GC heap before
{Heap before GC invocations=7 (full 0):
 garbage-first heap   total 108544K, used 43243K [0x0000000080000000, 0x0000000100000000)
  region size 1024K, 11 young (11264K), 6 survivors (6144K)
 Metaspace       used 35124K, committed 35968K, reserved 1114112K
  class space    used 4709K, committed 5120K, reserved 1048576K
}
Event: 3.177 GC heap after
{Heap after GC invocations=8 (full 0):
 garbage-first heap   total 108544K, used 42116K [0x0000000080000000, 0x0000000100000000)
  region size 1024K, 3 young (3072K), 3 survivors (3072K)
 Metaspace       used 35124K, committed 35968K, reserved 1114112K
  class space    used 4709K, committed 5120K, reserved 1048576K
}
Event: 3.669 GC heap before
{Heap before GC invocations=9 (full 0):
 garbage-first heap   total 108544K, used 81028K [0x0000000080000000, 0x0000000100000000)
  region size 1024K, 40 young (40960K), 3 survivors (3072K)
 Metaspace       used 39861K, committed 40896K, reserved 1114112K
  class space    used 5461K, committed 6016K, reserved 1048576K
}
Event: 3.672 GC heap after
{Heap after GC invocations=10 (full 0):
 garbage-first heap   total 108544K, used 44785K [0x0000000080000000, 0x0000000100000000)
  region size 1024K, 4 young (4096K), 4 survivors (4096K)
 Metaspace       used 39861K, committed 40896K, reserved 1114112K
  class space    used 5461K, committed 6016K, reserved 1048576K
}
Event: 4.165 GC heap before
{Heap before GC invocations=10 (full 0):
 garbage-first heap   total 108544K, used 83697K [0x0000000080000000, 0x0000000100000000)
  region size 1024K, 42 young (43008K), 4 survivors (4096K)
 Metaspace       used 47116K, committed 48384K, reserved 1114112K
  class space    used 6410K, committed 7040K, reserved 1048576K
}
Event: 4.169 GC heap after
{Heap after GC invocations=11 (full 0):
 garbage-first heap   total 108544K, used 48020K [0x0000000080000000, 0x0000000100000000)
  region size 1024K, 6 young (6144K), 6 survivors (6144K)
 Metaspace       used 47116K, committed 48384K, reserved 1114112K
  class space    used 6410K, committed 7040K, reserved 1048576K
}
Event: 4.514 GC heap before
{Heap before GC invocations=11 (full 0):
 garbage-first heap   total 108544K, used 91028K [0x0000000080000000, 0x0000000100000000)
  region size 1024K, 44 young (45056K), 6 survivors (6144K)
 Metaspace       used 50567K, committed 51840K, reserved 1114112K
  class space    used 6713K, committed 7360K, reserved 1048576K
}
Event: 4.520 GC heap after
{Heap after GC invocations=12 (full 0):
 garbage-first heap   total 108544K, used 51700K [0x0000000080000000, 0x0000000100000000)
  region size 1024K, 4 young (4096K), 4 survivors (4096K)
 Metaspace       used 50567K, committed 51840K, reserved 1114112K
  class space    used 6713K, committed 7360K, reserved 1048576K
}
Event: 5.011 GC heap before
{Heap before GC invocations=12 (full 0):
 garbage-first heap   total 108544K, used 89588K [0x0000000080000000, 0x0000000100000000)
  region size 1024K, 41 young (41984K), 4 survivors (4096K)
 Metaspace       used 55161K, committed 56576K, reserved 1114112K
  class space    used 7443K, committed 8128K, reserved 1048576K
}
Event: 5.016 GC heap after
{Heap after GC invocations=13 (full 0):
 garbage-first heap   total 108544K, used 53894K [0x0000000080000000, 0x0000000100000000)
  region size 1024K, 3 young (3072K), 3 survivors (3072K)
 Metaspace       used 55161K, committed 56576K, reserved 1114112K
  class space    used 7443K, committed 8128K, reserved 1048576K
}
Event: 5.194 GC heap before
{Heap before GC invocations=13 (full 0):
 garbage-first heap   total 108544K, used 65158K [0x0000000080000000, 0x0000000100000000)
  region size 1024K, 15 young (15360K), 3 survivors (3072K)
 Metaspace       used 56220K, committed 57664K, reserved 1114112K
  class space    used 7633K, committed 8320K, reserved 1048576K
}
Event: 5.198 GC heap after
{Heap after GC invocations=14 (full 0):
 garbage-first heap   total 108544K, used 55489K [0x0000000080000000, 0x0000000100000000)
  region size 1024K, 5 young (5120K), 5 survivors (5120K)
 Metaspace       used 56220K, committed 57664K, reserved 1114112K
  class space    used 7633K, committed 8320K, reserved 1048576K
}
Event: 5.751 GC heap before
{Heap before GC invocations=15 (full 0):
 garbage-first heap   total 108544K, used 106689K [0x0000000080000000, 0x0000000100000000)
  region size 1024K, 39 young (39936K), 5 survivors (5120K)
 Metaspace       used 58835K, committed 60416K, reserved 1114112K
  class space    used 7866K, committed 8640K, reserved 1048576K
}
Event: 5.756 GC heap after
{Heap after GC invocations=16 (full 0):
 garbage-first heap   total 117760K, used 75246K [0x0000000080000000, 0x0000000100000000)
  region size 1024K, 6 young (6144K), 6 survivors (6144K)
 Metaspace       used 58835K, committed 60416K, reserved 1114112K
  class space    used 7866K, committed 8640K, reserved 1048576K
}

Dll operation events (3 events):
Event: 0.007 Loaded shared library C:\Program Files\Android\Android Studio\jbr\bin\java.dll
Event: 0.012 Loaded shared library C:\Program Files\Android\Android Studio\jbr\bin\zip.dll
Event: 0.462 Loaded shared library C:\Program Files\Android\Android Studio\jbr\bin\verify.dll

Deoptimization events (20 events):
Event: 5.686 Thread 0x0000022cb0c31ca0 Uncommon trap: trap_request=0xffffff45 fr.pc=0x0000022c9dd3e13c relative=0x000000000000031c
Event: 5.686 Thread 0x0000022cb0c31ca0 Uncommon trap: reason=unstable_if action=reinterpret pc=0x0000022c9dd3e13c method=java.util.HashMap.putVal(ILjava/lang/Object;Ljava/lang/Object;ZZ)Ljava/lang/Object; @ 162 c2
Event: 5.686 Thread 0x0000022cb0c31ca0 DEOPT PACKING pc=0x0000022c9dd3e13c sp=0x0000008dd6bf8fe0
Event: 5.686 Thread 0x0000022cb0c31ca0 DEOPT UNPACKING pc=0x0000022c9d5a46a2 sp=0x0000008dd6bf8ef0 mode 2
Event: 5.693 Thread 0x0000022cb0c31ca0 Uncommon trap: trap_request=0xffffffde fr.pc=0x0000022c9dc9a21c relative=0x000000000000007c
Event: 5.693 Thread 0x0000022cb0c31ca0 Uncommon trap: reason=class_check action=maybe_recompile pc=0x0000022c9dc9a21c method=java.util.stream.StreamOpFlag.fromCharacteristics(Ljava/util/Spliterator;)I @ 14 c2
Event: 5.693 Thread 0x0000022cb0c31ca0 DEOPT PACKING pc=0x0000022c9dc9a21c sp=0x0000008dd6bf8e40
Event: 5.693 Thread 0x0000022cb0c31ca0 DEOPT UNPACKING pc=0x0000022c9d5a46a2 sp=0x0000008dd6bf8dd8 mode 2
Event: 5.747 Thread 0x0000022cb0c31ca0 DEOPT PACKING pc=0x0000022c9673945e sp=0x0000008dd6bf7bd0
Event: 5.747 Thread 0x0000022cb0c31ca0 DEOPT UNPACKING pc=0x0000022c9d5a4e42 sp=0x0000008dd6bf70b8 mode 0
Event: 5.750 Thread 0x0000022cb0c31ca0 DEOPT PACKING pc=0x0000022c9673945e sp=0x0000008dd6bf7bd0
Event: 5.750 Thread 0x0000022cb0c31ca0 DEOPT UNPACKING pc=0x0000022c9d5a4e42 sp=0x0000008dd6bf70b8 mode 0
Event: 5.768 Thread 0x0000022cb0c31ca0 DEOPT PACKING pc=0x0000022c9628addd sp=0x0000008dd6bf7fe0
Event: 5.768 Thread 0x0000022cb0c31ca0 DEOPT UNPACKING pc=0x0000022c9d5a4e42 sp=0x0000008dd6bf7458 mode 0
Event: 5.811 Thread 0x0000022cb0c0e830 DEOPT PACKING pc=0x0000022c96485e36 sp=0x0000008dd74fe3c0
Event: 5.811 Thread 0x0000022cb0c0e830 DEOPT UNPACKING pc=0x0000022c9d5a4e42 sp=0x0000008dd74fd930 mode 0
Event: 5.855 Thread 0x0000022cb0c31ca0 Uncommon trap: trap_request=0xffffffcc fr.pc=0x0000022c9dca88fc relative=0x00000000000002bc
Event: 5.855 Thread 0x0000022cb0c31ca0 Uncommon trap: reason=intrinsic_or_type_checked_inlining action=make_not_entrant pc=0x0000022c9dca88fc method=java.util.Arrays.copyOfRange([Ljava/lang/Object;IILjava/lang/Class;)[Ljava/lang/Object; @ 84 c2
Event: 5.855 Thread 0x0000022cb0c31ca0 DEOPT PACKING pc=0x0000022c9dca88fc sp=0x0000008dd6bf7750
Event: 5.855 Thread 0x0000022cb0c31ca0 DEOPT UNPACKING pc=0x0000022c9d5a46a2 sp=0x0000008dd6bf76f0 mode 2

Classes loaded (20 events):
Event: 5.482 Loading class java/lang/ClassBeanInfo
Event: 5.482 Loading class java/lang/ClassBeanInfo done
Event: 5.482 Loading class java/lang/ClassBeanInfo
Event: 5.482 Loading class java/lang/ClassBeanInfo done
Event: 5.482 Loading class java/lang/ClassCustomizer
Event: 5.482 Loading class java/lang/ClassCustomizer done
Event: 5.482 Loading class java/lang/ClassCustomizer
Event: 5.482 Loading class java/lang/ClassCustomizer done
Event: 5.483 Loading class sun/reflect/generics/tree/BooleanSignature
Event: 5.483 Loading class sun/reflect/generics/tree/BooleanSignature done
Event: 5.483 Loading class sun/reflect/generics/reflectiveObjects/GenericArrayTypeImpl
Event: 5.483 Loading class sun/reflect/generics/reflectiveObjects/GenericArrayTypeImpl done
Event: 5.485 Loading class jdk/internal/vm/annotation/ForceInline
Event: 5.485 Loading class jdk/internal/vm/annotation/ForceInline done
Event: 5.693 Loading class java/util/BitSet$1BitSetSpliterator
Event: 5.693 Loading class java/util/BitSet$1BitSetSpliterator done
Event: 5.710 Loading class java/util/Collections$SynchronizedRandomAccessList
Event: 5.710 Loading class java/util/Collections$SynchronizedList
Event: 5.710 Loading class java/util/Collections$SynchronizedList done
Event: 5.710 Loading class java/util/Collections$SynchronizedRandomAccessList done

Classes unloaded (0 events):
No events

Classes redefined (0 events):
No events

Internal exceptions (20 events):
Event: 5.482 Thread 0x0000022cb0c31ca0 Exception <a 'java/lang/ClassNotFoundException'{0x0000000084b31f80}: java/lang/ClassBeanInfo> (0x0000000084b31f80) 
thrown [s\src\hotspot\share\classfile\systemDictionary.cpp, line 312]
Event: 5.482 Thread 0x0000022cb0c31ca0 Exception <a 'java/lang/ClassNotFoundException'{0x0000000084b3a930}: java/lang/ClassCustomizer> (0x0000000084b3a930) 
thrown [s\src\hotspot\share\classfile\systemDictionary.cpp, line 312]
Event: 5.491 Thread 0x0000022cb0c31ca0 Exception <a 'java/lang/ClassNotFoundException'{0x0000000084a09658}: org/gradle/tooling/provider/model/internal/DefaultToolingModelBuilderRegistryBeanInfo> (0x0000000084a09658) 
thrown [s\src\hotspot\share\classfile\systemDictionary.cpp, line 312]
Event: 5.491 Thread 0x0000022cb0c31ca0 Exception <a 'java/lang/ClassNotFoundException'{0x0000000084a1e3b8}: org/gradle/tooling/provider/model/internal/DefaultToolingModelBuilderRegistryCustomizer> (0x0000000084a1e3b8) 
thrown [s\src\hotspot\share\classfile\systemDictionary.cpp, line 312]
Event: 5.497 Thread 0x0000022cb0c31ca0 Exception <a 'java/lang/ClassNotFoundException'{0x0000000084a8bc70}: org/gradle/internal/service/ScopedServiceRegistryBeanInfo> (0x0000000084a8bc70) 
thrown [s\src\hotspot\share\classfile\systemDictionary.cpp, line 312]
Event: 5.498 Thread 0x0000022cb0c31ca0 Exception <a 'java/lang/ClassNotFoundException'{0x0000000084aa0068}: org/gradle/internal/service/DefaultServiceRegistryBeanInfo> (0x0000000084aa0068) 
thrown [s\src\hotspot\share\classfile\systemDictionary.cpp, line 312]
Event: 5.498 Thread 0x0000022cb0c31ca0 Exception <a 'java/lang/ClassNotFoundException'{0x0000000084ab4480}: org/gradle/internal/service/DefaultServiceRegistryCustomizer> (0x0000000084ab4480) 
thrown [s\src\hotspot\share\classfile\systemDictionary.cpp, line 312]
Event: 5.500 Thread 0x0000022cb0c31ca0 Exception <a 'java/lang/ClassNotFoundException'{0x0000000084ad7078}: org/gradle/internal/service/ScopedServiceRegistryCustomizer> (0x0000000084ad7078) 
thrown [s\src\hotspot\share\classfile\systemDictionary.cpp, line 312]
Event: 5.503 Thread 0x0000022cb0c31ca0 Exception <a 'java/lang/ClassNotFoundException'{0x0000000084921578}: org/gradle/internal/extensibility/DefaultConventionBeanInfo> (0x0000000084921578) 
thrown [s\src\hotspot\share\classfile\systemDictionary.cpp, line 312]
Event: 5.504 Thread 0x0000022cb0c31ca0 Exception <a 'java/lang/ClassNotFoundException'{0x00000000849359a8}: org/gradle/internal/extensibility/DefaultConventionCustomizer> (0x00000000849359a8) 
thrown [s\src\hotspot\share\classfile\systemDictionary.cpp, line 312]
Event: 5.517 Thread 0x0000022cb0c31ca0 Exception <a 'java/lang/ClassNotFoundException'{0x00000000849cc5e8}: com/intellij/gradle/toolingExtension/impl/modelBuilder/ExtraModelBuilderBeanInfo> (0x00000000849cc5e8) 
thrown [s\src\hotspot\share\classfile\systemDictionary.cpp, line 312]
Event: 5.518 Thread 0x0000022cb0c31ca0 Exception <a 'java/lang/ClassNotFoundException'{0x00000000849d8068}: com/intellij/gradle/toolingExtension/impl/modelBuilder/ExtraModelBuilderCustomizer> (0x00000000849d8068) 
thrown [s\src\hotspot\share\classfile\systemDictionary.cpp, line 312]
Event: 5.696 Thread 0x0000022cb0c31ca0 Exception <a 'java/lang/IncompatibleClassChangeError'{0x0000000083e22670}: Found class java.lang.Object, but interface was expected> (0x0000000083e22670) 
thrown [s\src\hotspot\share\interpreter\linkResolver.cpp, line 851]
Event: 5.700 Thread 0x0000022cb0c31ca0 Exception <a 'sun/nio/fs/WindowsException'{0x0000000083e4b110}> (0x0000000083e4b110) 
thrown [s\src\hotspot\share\prims\jni.cpp, line 535]
Event: 5.701 Thread 0x0000022cb0c31ca0 Exception <a 'sun/nio/fs/WindowsException'{0x0000000083e4c8d0}> (0x0000000083e4c8d0) 
thrown [s\src\hotspot\share\prims\jni.cpp, line 535]
Event: 5.701 Thread 0x0000022cb0c31ca0 Exception <a 'sun/nio/fs/WindowsException'{0x0000000083e4e050}> (0x0000000083e4e050) 
thrown [s\src\hotspot\share\prims\jni.cpp, line 535]
Event: 5.702 Thread 0x0000022cb0c31ca0 Exception <a 'sun/nio/fs/WindowsException'{0x0000000083e4f7e0}> (0x0000000083e4f7e0) 
thrown [s\src\hotspot\share\prims\jni.cpp, line 535]
Event: 5.704 Thread 0x0000022cb0c31ca0 Exception <a 'java/lang/NoSuchMethodError'{0x0000000083e60568}: 'java.lang.Object java.lang.invoke.Invokers$Holder.invoker(java.lang.Object, java.lang.Object, java.lang.Object, java.lang.Object, java.lang.Object, java.lang.Object)'> (0x0000000083e60568) 
thrown [s\src\hotspot\share\interpreter\linkResolver.cpp, line 784]
Event: 5.719 Thread 0x0000022cb0c31ca0 Exception <a 'java/lang/NoSuchMethodError'{0x0000000083d5d5d0}: 'java.lang.Object java.lang.invoke.Invokers$Holder.invoker(java.lang.Object, java.lang.Object, java.lang.Object, java.lang.Object, java.lang.Object, java.lang.Object, java.lang.Object, java.lang.Object, java.lang.Object, java.lang.Object, java.lang.Object, java.lang.Object, java.lang.Object, java.lang.Object, java.lang.Object, java.lang.Object, java.lang.Object, java.lang.Object, java.lang.Object, java.lang.Object, java.lang.Object, java.lang.
Event: 5.719 Thread 0x0000022cb0c31ca0 Exception <a 'java/lang/NoSuchMethodError'{0x0000000083d64198}: 'java.lang.Object java.lang.invoke.DelegatingMethodHandle$Holder.delegate(java.lang.Object, java.lang.Object, java.lang.Object, java.lang.Object, java.lang.Object, java.lang.Object, java.lang.Object, java.lang.Object, java.lang.Object, java.lang.Object, java.lang.Object, java.lang.Object, java.lang.Object, java.lang.Object, java.lang.Object, java.lang.Object, java.lang.Object, java.lang.Object, java.lang.Object, java.lang.Object, java.lang.Obj

ZGC Phase Switch (0 events):
No events

VM Operations (20 events):
Event: 4.751 Executing VM operation: HandshakeAllThreads (Deoptimize)
Event: 4.751 Executing VM operation: HandshakeAllThreads (Deoptimize) done
Event: 4.896 Executing VM operation: ICBufferFull
Event: 4.896 Executing VM operation: ICBufferFull done
Event: 5.011 Executing VM operation: G1CollectForAllocation (G1 Evacuation Pause)
Event: 5.016 Executing VM operation: G1CollectForAllocation (G1 Evacuation Pause) done
Event: 5.059 Executing VM operation: HandshakeAllThreads (Deoptimize)
Event: 5.059 Executing VM operation: HandshakeAllThreads (Deoptimize) done
Event: 5.194 Executing VM operation: G1TryInitiateConcMark (G1 Humongous Allocation)
Event: 5.198 Executing VM operation: G1TryInitiateConcMark (G1 Humongous Allocation) done
Event: 5.229 Executing VM operation: G1PauseRemark
Event: 5.247 Executing VM operation: G1PauseRemark done
Event: 5.265 Executing VM operation: G1PauseCleanup
Event: 5.265 Executing VM operation: G1PauseCleanup done
Event: 5.495 Executing VM operation: HandshakeAllThreads (Deoptimize)
Event: 5.495 Executing VM operation: HandshakeAllThreads (Deoptimize) done
Event: 5.694 Executing VM operation: ICBufferFull
Event: 5.694 Executing VM operation: ICBufferFull done
Event: 5.751 Executing VM operation: G1CollectForAllocation (G1 Evacuation Pause)
Event: 5.756 Executing VM operation: G1CollectForAllocation (G1 Evacuation Pause) done

Memory protections (0 events):
No events

Nmethod flushes (20 events):
Event: 5.246 Thread 0x0000022caa754980 flushing  nmethod 0x0000022c9666a710
Event: 5.246 Thread 0x0000022caa754980 flushing  nmethod 0x0000022c9666b810
Event: 5.246 Thread 0x0000022caa754980 flushing  nmethod 0x0000022c9db9d210
Event: 5.246 Thread 0x0000022caa754980 flushing  nmethod 0x0000022c9dc3a310
Event: 5.246 Thread 0x0000022caa754980 flushing  nmethod 0x0000022c9dca3f90
Event: 5.246 Thread 0x0000022caa754980 flushing  nmethod 0x0000022c9dcb7790
Event: 5.246 Thread 0x0000022caa754980 flushing  nmethod 0x0000022c96085990
Event: 5.246 Thread 0x0000022caa754980 flushing  nmethod 0x0000022c96088010
Event: 5.246 Thread 0x0000022caa754980 flushing  nmethod 0x0000022c960b5290
Event: 5.246 Thread 0x0000022caa754980 flushing  nmethod 0x0000022c960b6b10
Event: 5.246 Thread 0x0000022caa754980 flushing  nmethod 0x0000022c960b8e10
Event: 5.246 Thread 0x0000022caa754980 flushing  nmethod 0x0000022c960b9710
Event: 5.246 Thread 0x0000022caa754980 flushing  nmethod 0x0000022c9614db10
Event: 5.246 Thread 0x0000022caa754980 flushing  nmethod 0x0000022c96159c10
Event: 5.246 Thread 0x0000022caa754980 flushing  nmethod 0x0000022c961a7690
Event: 5.246 Thread 0x0000022caa754980 flushing  nmethod 0x0000022c961d8710
Event: 5.246 Thread 0x0000022caa754980 flushing  nmethod 0x0000022c96351a90
Event: 5.246 Thread 0x0000022caa754980 flushing  nmethod 0x0000022c9635b610
Event: 5.246 Thread 0x0000022caa754980 flushing  nmethod 0x0000022c963a9190
Event: 5.246 Thread 0x0000022caa754980 flushing  nmethod 0x0000022c96483b10

Events (20 events):
Event: 3.682 Thread 0x0000022cb0c31ca0 Thread added: 0x0000022cb5474da0
Event: 3.796 Thread 0x0000022cb0c31ca0 Thread added: 0x0000022cb547a2f0
Event: 5.088 Thread 0x0000022cb0c31ca0 Thread added: 0x0000022cb5687490
Event: 5.089 Thread 0x0000022cb0c31ca0 Thread added: 0x0000022cb5689bf0
Event: 5.121 Thread 0x0000022cb0c31ca0 Thread added: 0x0000022cb568a280
Event: 5.121 Thread 0x0000022cb0c31ca0 Thread added: 0x0000022cb5686e00
Event: 5.300 Thread 0x0000022cb0c31ca0 Thread added: 0x0000022cb568a910
Event: 5.300 Thread 0x0000022cb0c31ca0 Thread added: 0x0000022cb5687b20
Event: 5.301 Thread 0x0000022cb0c31ca0 Thread added: 0x0000022cb5689560
Event: 5.301 Thread 0x0000022cb0c31ca0 Thread added: 0x0000022cb568afa0
Event: 5.302 Thread 0x0000022cb0c31ca0 Thread added: 0x0000022cb568b630
Event: 5.303 Thread 0x0000022cb0c31ca0 Thread added: 0x0000022cb56881b0
Event: 5.303 Thread 0x0000022cb0c31ca0 Thread added: 0x0000022cb568bcc0
Event: 5.348 Thread 0x0000022cb0c31ca0 Thread added: 0x0000022cb568e420
Event: 5.351 Thread 0x0000022cb0c31ca0 Thread added: 0x0000022cb568c350
Event: 5.353 Thread 0x0000022cb0c31ca0 Thread added: 0x0000022cb568c9e0
Event: 5.354 Thread 0x0000022cb0c31ca0 Thread added: 0x0000022cb568d070
Event: 5.355 Thread 0x0000022cb0c31ca0 Thread added: 0x0000022cb568d700
Event: 5.356 Thread 0x0000022cb0c31ca0 Thread added: 0x0000022cb568dd90
Event: 5.357 Thread 0x0000022cb0c31ca0 Thread added: 0x0000022cb53cd580


Dynamic libraries:
0x00007ff79e320000 - 0x00007ff79e32a000 	C:\Program Files\Android\Android Studio\jbr\bin\java.exe
0x00007ffcc0ac0000 - 0x00007ffcc0d27000 	C:\WINDOWS\SYSTEM32\ntdll.dll
0x00007ffcc0210000 - 0x00007ffcc02d9000 	C:\WINDOWS\System32\KERNEL32.DLL
0x00007ffcbde40000 - 0x00007ffcbe231000 	C:\WINDOWS\System32\KERNELBASE.dll
0x00007ffcbdc40000 - 0x00007ffcbdd8b000 	C:\WINDOWS\System32\ucrtbase.dll
0x00007ffcb80a0000 - 0x00007ffcb80b8000 	C:\Program Files\Android\Android Studio\jbr\bin\jli.dll
0x00007ffcb9060000 - 0x00007ffcb907b000 	C:\Program Files\Android\Android Studio\jbr\bin\VCRUNTIME140.dll
0x00007ffcc0310000 - 0x00007ffcc04d5000 	C:\WINDOWS\System32\USER32.dll
0x00007ffcadc60000 - 0x00007ffcadef3000 	C:\WINDOWS\WinSxS\amd64_microsoft.windows.common-controls_6595b64144ccf1df_6.0.26100.8037_none_3e092faae333b53b\COMCTL32.dll
0x00007ffcbdc10000 - 0x00007ffcbdc37000 	C:\WINDOWS\System32\win32u.dll
0x00007ffcc09d0000 - 0x00007ffcc0a79000 	C:\WINDOWS\System32\msvcrt.dll
0x00007ffcc01e0000 - 0x00007ffcc020b000 	C:\WINDOWS\System32\GDI32.dll
0x00007ffcbe730000 - 0x00007ffcbe85b000 	C:\WINDOWS\System32\gdi32full.dll
0x00007ffcbdd90000 - 0x00007ffcbde33000 	C:\WINDOWS\System32\msvcp_win.dll
0x00007ffcbffc0000 - 0x00007ffcbfff1000 	C:\WINDOWS\System32\IMM32.DLL
0x00007ffcb8f50000 - 0x00007ffcb8f5c000 	C:\Program Files\Android\Android Studio\jbr\bin\vcruntime140_1.dll
0x00007ffcac030000 - 0x00007ffcac0bd000 	C:\Program Files\Android\Android Studio\jbr\bin\msvcp140.dll
0x00007ffc38a60000 - 0x00007ffc396eb000 	C:\Program Files\Android\Android Studio\jbr\bin\server\jvm.dll
0x00007ffcc04e0000 - 0x00007ffcc059b000 	C:\WINDOWS\System32\ADVAPI32.dll
0x00007ffcbfb70000 - 0x00007ffcbfc17000 	C:\WINDOWS\System32\sechost.dll
0x00007ffcbf840000 - 0x00007ffcbf958000 	C:\WINDOWS\System32\RPCRT4.dll
0x00007ffcbe860000 - 0x00007ffcbe8d4000 	C:\WINDOWS\System32\WS2_32.dll
0x00007ffcbd220000 - 0x00007ffcbd27e000 	C:\WINDOWS\SYSTEM32\POWRPROF.dll
0x00007ffcaeb10000 - 0x00007ffcaeb45000 	C:\WINDOWS\SYSTEM32\WINMM.dll
0x00007ffcb76d0000 - 0x00007ffcb76db000 	C:\WINDOWS\SYSTEM32\VERSION.dll
0x00007ffcbd200000 - 0x00007ffcbd214000 	C:\WINDOWS\SYSTEM32\UMPDC.dll
0x00007ffcbc130000 - 0x00007ffcbc14b000 	C:\WINDOWS\SYSTEM32\kernel.appcore.dll
0x00007ffcb8f40000 - 0x00007ffcb8f4a000 	C:\Program Files\Android\Android Studio\jbr\bin\jimage.dll
0x00007ffcae890000 - 0x00007ffcaead2000 	C:\WINDOWS\SYSTEM32\DBGHELP.DLL
0x00007ffcc05b0000 - 0x00007ffcc0932000 	C:\WINDOWS\System32\combase.dll
0x00007ffcbfc40000 - 0x00007ffcbfd17000 	C:\WINDOWS\System32\OLEAUT32.dll
0x00007ffcaa570000 - 0x00007ffcaa5ab000 	C:\WINDOWS\SYSTEM32\dbgcore.DLL
0x00007ffcbe510000 - 0x00007ffcbe5b5000 	C:\WINDOWS\System32\bcryptPrimitives.dll
0x00007ffcb5ec0000 - 0x00007ffcb5ece000 	C:\Program Files\Android\Android Studio\jbr\bin\instrument.dll
0x00007ffcb8f20000 - 0x00007ffcb8f40000 	C:\Program Files\Android\Android Studio\jbr\bin\java.dll
0x00007ffcb8f00000 - 0x00007ffcb8f18000 	C:\Program Files\Android\Android Studio\jbr\bin\zip.dll
0x00007ffcbf0d0000 - 0x00007ffcbf82f000 	C:\WINDOWS\System32\SHELL32.dll
0x00007ffcbe5c0000 - 0x00007ffcbe72a000 	C:\WINDOWS\System32\wintypes.dll
0x00007ffcbd3a0000 - 0x00007ffcbdc04000 	C:\WINDOWS\System32\windows.storage.dll
0x00007ffcbefd0000 - 0x00007ffcbf0c7000 	C:\WINDOWS\System32\SHCORE.dll
0x00007ffcbfb00000 - 0x00007ffcbfb67000 	C:\WINDOWS\System32\shlwapi.dll
0x00007ffcbd2c0000 - 0x00007ffcbd2e9000 	C:\WINDOWS\SYSTEM32\profapi.dll
0x00007ffcb8ef0000 - 0x00007ffcb8f00000 	C:\Program Files\Android\Android Studio\jbr\bin\net.dll
0x00007ffcb6d10000 - 0x00007ffcb6e37000 	C:\WINDOWS\SYSTEM32\WINHTTP.dll
0x00007ffcbc6a0000 - 0x00007ffcbc70b000 	C:\WINDOWS\system32\mswsock.dll
0x00007ffcb8ed0000 - 0x00007ffcb8ee6000 	C:\Program Files\Android\Android Studio\jbr\bin\nio.dll
0x00007ffcb8220000 - 0x00007ffcb8230000 	C:\Program Files\Android\Android Studio\jbr\bin\verify.dll
0x00007ffcb00e0000 - 0x00007ffcb0107000 	C:\Users\thero\.gradle\native\c067742578af261105cb4f569cf0c3c89f3d7b1fecec35dd04571415982c5e48\windows-amd64\native-platform.dll
0x00007ffc365e0000 - 0x00007ffc36724000 	C:\Users\thero\.gradle\native\100fb08df4bc3b14c8652ba06237920a3bd2aa13389f12d3474272988ae205f9\windows-amd64\native-platform-file-events.dll
0x00007ffcb8eb0000 - 0x00007ffcb8eb9000 	C:\Program Files\Android\Android Studio\jbr\bin\management.dll
0x00007ffcb8330000 - 0x00007ffcb833b000 	C:\Program Files\Android\Android Studio\jbr\bin\management_ext.dll
0x00007ffcbee00000 - 0x00007ffcbee08000 	C:\WINDOWS\System32\PSAPI.DLL
0x00007ffcbc990000 - 0x00007ffcbc9ab000 	C:\WINDOWS\SYSTEM32\CRYPTSP.dll
0x00007ffcbc090000 - 0x00007ffcbc0c9000 	C:\WINDOWS\system32\rsaenh.dll
0x00007ffcbc750000 - 0x00007ffcbc782000 	C:\WINDOWS\SYSTEM32\USERENV.dll
0x00007ffcbd290000 - 0x00007ffcbd2ba000 	C:\WINDOWS\SYSTEM32\bcrypt.dll
0x00007ffcbc980000 - 0x00007ffcbc98c000 	C:\WINDOWS\SYSTEM32\CRYPTBASE.dll
0x00007ffcbbb40000 - 0x00007ffcbbb73000 	C:\WINDOWS\SYSTEM32\IPHLPAPI.DLL
0x00007ffcc09c0000 - 0x00007ffcc09ca000 	C:\WINDOWS\System32\NSI.dll
0x00007ffcb8ec0000 - 0x00007ffcb8ec9000 	C:\Program Files\Android\Android Studio\jbr\bin\extnet.dll
0x00007ffcb87f0000 - 0x00007ffcb87f8000 	C:\WINDOWS\system32\wshunix.dll

dbghelp: loaded successfully - version: 4.0.5 - missing functions: none
symbol engine: initialized successfully - sym options: 0x614 - pdb path: .;C:\Program Files\Android\Android Studio\jbr\bin;C:\WINDOWS\SYSTEM32;C:\WINDOWS\WinSxS\amd64_microsoft.windows.common-controls_6595b64144ccf1df_6.0.26100.8037_none_3e092faae333b53b;C:\Program Files\Android\Android Studio\jbr\bin\server;C:\Users\thero\.gradle\native\c067742578af261105cb4f569cf0c3c89f3d7b1fecec35dd04571415982c5e48\windows-amd64;C:\Users\thero\.gradle\native\100fb08df4bc3b14c8652ba06237920a3bd2aa13389f12d3474272988ae205f9\windows-amd64

VM Arguments:
jvm_args: --add-opens=java.base/java.lang=ALL-UNNAMED --add-opens=java.base/java.lang.invoke=ALL-UNNAMED --add-opens=java.base/java.util=ALL-UNNAMED --add-opens=java.prefs/java.util.prefs=ALL-UNNAMED --add-exports=jdk.compiler/com.sun.tools.javac.api=ALL-UNNAMED --add-exports=jdk.compiler/com.sun.tools.javac.util=ALL-UNNAMED --add-opens=java.base/java.util=ALL-UNNAMED --add-opens=java.prefs/java.util.prefs=ALL-UNNAMED --add-opens=java.base/java.nio.charset=ALL-UNNAMED --add-opens=java.base/java.net=ALL-UNNAMED --add-opens=java.base/java.util.concurrent.atomic=ALL-UNNAMED --add-opens=java.xml/javax.xml.namespace=ALL-UNNAMED -Xmx2048m -Dfile.encoding=UTF-8 -Duser.country=US -Duser.language=en -Duser.variant -javaagent:C:\Users\thero\.gradle\wrapper\dists\gradle-8.11.1-bin\bpt9gzteqjrbo1mjrsomdt32c\gradle-8.11.1\lib\agents\gradle-instrumentation-agent-8.11.1.jar 
java_command: org.gradle.launcher.daemon.bootstrap.GradleDaemon 8.11.1
java_class_path (initial): C:\Users\thero\.gradle\wrapper\dists\gradle-8.11.1-bin\bpt9gzteqjrbo1mjrsomdt32c\gradle-8.11.1\lib\gradle-daemon-main-8.11.1.jar
Launcher Type: SUN_STANDARD

[Global flags]
     intx CICompilerCount                          = 4                                         {product} {ergonomic}
     uint ConcGCThreads                            = 2                                         {product} {ergonomic}
     uint G1ConcRefinementThreads                  = 8                                         {product} {ergonomic}
   size_t G1HeapRegionSize                         = 1048576                                   {product} {ergonomic}
    uintx GCDrainStackTargetSize                   = 64                                        {product} {ergonomic}
   size_t InitialHeapSize                          = 134217728                                 {product} {ergonomic}
   size_t MarkStackSize                            = 4194304                                   {product} {ergonomic}
   size_t MaxHeapSize                              = 2147483648                                {product} {command line}
   size_t MaxNewSize                               = 1287651328                                {product} {ergonomic}
   size_t MinHeapDeltaBytes                        = 1048576                                   {product} {ergonomic}
   size_t MinHeapSize                              = 8388608                                   {product} {ergonomic}
    uintx NonNMethodCodeHeapSize                   = 5839372                                {pd product} {ergonomic}
    uintx NonProfiledCodeHeapSize                  = 122909434                              {pd product} {ergonomic}
    uintx ProfiledCodeHeapSize                     = 122909434                              {pd product} {ergonomic}
    uintx ReservedCodeCacheSize                    = 251658240                              {pd product} {ergonomic}
     bool SegmentedCodeCache                       = true                                      {product} {ergonomic}
   size_t SoftMaxHeapSize                          = 2147483648                             {manageable} {ergonomic}
     bool UseCompressedOops                        = true                           {product lp64_product} {ergonomic}
     bool UseG1GC                                  = true                                      {product} {ergonomic}
     bool UseLargePagesIndividualAllocation        = false                                  {pd product} {ergonomic}

Logging:
Log output configuration:
 #0: stdout all=warning uptime,level,tags foldmultilines=false
 #1: stderr all=off uptime,level,tags foldmultilines=false

Environment Variables:
PATH=C:\WINDOWS\system32;C:\WINDOWS;C:\WINDOWS\System32\Wbem;C:\WINDOWS\System32\WindowsPowerShell\v1.0\;C:\WINDOWS\System32\OpenSSH\;C:\Program Files\Git\cmd;C:\Users\thero\AppData\Local\Microsoft\WindowsApps;
USERNAME=thero
OS=Windows_NT
PROCESSOR_IDENTIFIER=Intel64 Family 6 Model 142 Stepping 10, GenuineIntel
TMP=C:\Users\thero\AppData\Local\Temp
TEMP=C:\Users\thero\AppData\Local\Temp




Periodic native trim disabled

JNI global refs:
JNI global refs: 26, weak refs: 1

JNI global refs memory usage: 835, weak refs: 833

Process memory usage:
Resident Set Size: 319620K (3% of 8260324K total physical memory with 941872K free physical memory)

OOME stack traces (most recent first):
Classloader memory used:
Loader org.gradle.internal.classloader.VisitableURLClassLoader                         : 28425K
Loader bootstrap                                                                       : 22288K
Loader org.gradle.initialization.MixInLegacyTypesClassLoader                           : 6551K
Loader org.gradle.internal.classloader.VisitableURLClassLoader                         : 730K
Loader org.gradle.internal.classloader.VisitableURLClassLoader$InstrumentingVisitableURLClassLoader: 565K
Loader jdk.internal.loader.ClassLoaders$PlatformClassLoader                            : 497K
Loader jdk.internal.loader.ClassLoaders$AppClassLoader                                 : 232K
Loader jdk.internal.reflect.DelegatingClassLoader                                      : 167K
Loader org.gradle.groovy.scripts.internal.DefaultScriptCompilationHandler$ScriptClassLoader: 91120B
Loader org.codehaus.groovy.runtime.callsite.CallSiteClassLoader                        : 49592B

Classes loaded by more than one classloader:
Class org.gradle.api.GradleException                                                  : loaded 3 times (x 78B)
Class org.gradle.internal.classloader.FilteringClassLoader                            : loaded 2 times (x 101B)
Class org.gradle.internal.classloader.ClassLoaderHierarchy                            : loaded 2 times (x 66B)
Class org.gradle.api.internal.classpath.ManifestUtil                                  : loaded 2 times (x 67B)
Class ijInit1_emujujb72h7fkdiapg37r5ugc                                               : loaded 2 times (x 175B)
Class org.gradle.internal.operations.MultipleBuildOperationFailures                   : loaded 2 times (x 91B)
Class org.gradle.internal.classloader.DefaultClassLoaderFactory                       : loaded 2 times (x 78B)
Class kotlin.collections.AbstractList$Companion                                       : loaded 2 times (x 67B)
Class org.gradle.internal.classloader.ClassLoaderVisitor                              : loaded 2 times (x 72B)
Class org.gradle.api.internal.classpath.EffectiveClassPath                            : loaded 2 times (x 86B)
Class org.gradle.api.internal.DefaultClassPathProvider                                : loaded 2 times (x 72B)
Class [Lorg.gradle.api.internal.ClassPathProvider;                                    : loaded 2 times (x 65B)
Class org.gradle.api.internal.ClassPathProvider                                       : loaded 2 times (x 66B)
Class org.gradle.internal.service.UnknownServiceException                             : loaded 2 times (x 79B)
Class org.gradle.internal.classpath.TransformedClassPath                              : loaded 2 times (x 92B)
Class org.gradle.internal.classloader.InstrumentingClassLoader                        : loaded 2 times (x 66B)
Class sync_studio_tooling9_bkeclotyow76x29r6ahcxcpct                                  : loaded 2 times (x 175B)
Class kotlin.enums.EnumEntriesList                                                    : loaded 2 times (x 219B)
Class org.gradle.internal.service.ServiceLocator                                      : loaded 2 times (x 66B)
Class org.gradle.internal.InternalTransformer                                         : loaded 2 times (x 66B)
Class org.gradle.internal.time.DefaultTimer                                           : loaded 2 times (x 76B)
Class org.gradle.internal.classloader.ClasspathUtil$1                                 : loaded 2 times (x 72B)
Class org.gradle.api.internal.classpath.DefaultModuleRegistry$DefaultModule           : loaded 2 times (x 82B)
Class org.gradle.internal.time.DefaultCountdownTimer                                  : loaded 2 times (x 84B)
Class kotlin.Function                                                                 : loaded 2 times (x 66B)
Class org.gradle.api.internal.classpath.Module                                        : loaded 2 times (x 66B)
Class org.gradle.api.internal.classpath.UnknownModuleException                        : loaded 2 times (x 78B)
Class org.gradle.api.internal.DefaultClassPathRegistry                                : loaded 2 times (x 72B)
Class org.gradle.api.internal.ClassPathRegistry                                       : loaded 2 times (x 66B)
Class org.gradle.internal.classpath.DefaultClassPath$ImmutableUniqueList              : loaded 2 times (x 195B)
Class org.gradle.internal.classpath.ClassPath                                         : loaded 2 times (x 66B)
Class org.gradle.api.UncheckedIOException                                             : loaded 2 times (x 78B)
Class kotlin.UninitializedPropertyAccessException                                     : loaded 2 times (x 78B)
Class org.gradle.internal.installation.GradleInstallation$1                           : loaded 2 times (x 71B)
Class org.gradle.api.internal.classpath.ModuleRegistry                                : loaded 2 times (x 66B)
Class org.gradle.api.internal.classpath.DefaultModuleRegistry                         : loaded 2 times (x 82B)
Class org.gradle.internal.time.MonotonicClock                                         : loaded 2 times (x 73B)
Class org.gradle.internal.service.ServiceLookupException                              : loaded 2 times (x 78B)
Class org.gradle.internal.classloader.ClassLoaderFactory                              : loaded 2 times (x 66B)
Class org.gradle.internal.service.CachingServiceLocator                               : loaded 2 times (x 78B)
Class org.gradle.internal.time.TimeSource                                             : loaded 2 times (x 66B)
Class kotlin.enums.EnumEntries                                                        : loaded 2 times (x 66B)
Class org.gradle.internal.exceptions.ResolutionProvider                               : loaded 2 times (x 66B)
Class org.gradle.internal.classloader.ClasspathUtil                                   : loaded 2 times (x 67B)
Class org.gradle.internal.time.TimeSource$1                                           : loaded 2 times (x 73B)
Class kotlin.jvm.internal.DefaultConstructorMarker                                    : loaded 2 times (x 67B)
Class org.gradle.api.specs.Spec                                                       : loaded 2 times (x 66B)
Class org.gradle.internal.time.Clock                                                  : loaded 2 times (x 66B)
Class kotlin.collections.AbstractList                                                 : loaded 2 times (x 193B)
Class kotlin.collections.AbstractCollection                                           : loaded 2 times (x 113B)
Class org.gradle.internal.classloader.VisitableURLClassLoader$InstrumentingVisitableURLClassLoader: loaded 2 times (x 119B)
Class org.gradle.internal.classloader.VisitableURLClassLoader$Spec                    : loaded 2 times (x 70B)
Class org.gradle.internal.classpath.DefaultClassPath                                  : loaded 2 times (x 86B)
Class org.gradle.internal.classloader.ClassLoaderSpec                                 : loaded 2 times (x 67B)
Class kotlin.Unit                                                                     : loaded 2 times (x 67B)
Class org.gradle.internal.classloader.VisitableURLClassLoader                         : loaded 2 times (x 113B)
Class org.gradle.internal.Cast                                                        : loaded 2 times (x 67B)
Class org.gradle.api.Action                                                           : loaded 2 times (x 66B)
Class kotlin.jvm.functions.Function1                                                  : loaded 2 times (x 66B)
Class org.gradle.internal.classpath.DefaultClassPath$ImmutableUniqueList$Builder      : loaded 2 times (x 71B)
Class kotlin.NotImplementedError                                                      : loaded 2 times (x 78B)
Class org.gradle.internal.exceptions.NonGradleCauseExceptionsHolder                   : loaded 2 times (x 66B)
Class org.jetbrains.plugins.gradle.tooling.ModelBuilderService$Parameter              : loaded 2 times (x 66B)
Class kotlin.enums.EnumEntriesKt                                                      : loaded 2 times (x 67B)
Class org.gradle.internal.IoActions                                                   : loaded 2 times (x 67B)
Class org.gradle.internal.classloader.SystemClassLoaderSpec                           : loaded 2 times (x 67B)
Class org.gradle.internal.exceptions.MultiCauseException                              : loaded 2 times (x 66B)
Class org.gradle.internal.time.CountdownTimer                                         : loaded 2 times (x 66B)
Class kotlin.jvm.internal.Intrinsics                                                  : loaded 2 times (x 67B)
Class org.gradle.tooling.model.ProjectModel                                           : loaded 2 times (x 66B)
Class kotlin.KotlinNullPointerException                                               : loaded 2 times (x 79B)
Class org.gradle.internal.exceptions.DefaultMultiCauseException                       : loaded 2 times (x 91B)
Class org.gradle.internal.time.Time                                                   : loaded 2 times (x 67B)
Class org.gradle.api.internal.classpath.GlobalCacheRootsProvider                      : loaded 2 times (x 66B)
Class org.gradle.internal.time.Timer                                                  : loaded 2 times (x 66B)
Class kotlin.jvm.internal.markers.KMappedMarker                                       : loaded 2 times (x 66B)
Class org.gradle.internal.installation.CurrentGradleInstallationLocator               : loaded 2 times (x 67B)
Class org.gradle.internal.service.DefaultServiceLocator                               : loaded 2 times (x 79B)
Class org.gradle.util.GradleVersion                                                   : loaded 2 times (x 79B)
Class org.gradle.internal.installation.CurrentGradleInstallation                      : loaded 2 times (x 69B)
Class org.gradle.util.internal.GUtil                                                  : loaded 2 times (x 67B)
Class org.gradle.internal.installation.GradleInstallation                             : loaded 2 times (x 71B)

---------------  S Y S T E M  ---------------

OS:
 Windows 11 , 64 bit Build 26100 (10.0.26100.7920)
OS uptime: 0 days 4:20 hours

CPU: total 8 (initial active 8) (4 cores per cpu, 2 threads per core) family 6 model 142 stepping 10 microcode 0xe0, cx8, cmov, fxsr, ht, mmx, 3dnowpref, sse, sse2, sse3, ssse3, sse4.1, sse4.2, popcnt, lzcnt, tsc, tscinvbit, avx, avx2, aes, erms, clmul, bmi1, bmi2, adx, fma, vzeroupper, clflush, clflushopt, rdtscp, f16c
Processor Information for the first 8 processors :
  Max Mhz: 1800, Current Mhz: 1600, Mhz Limit: 1584

Memory: 4k page, system-wide physical 8066M (919M free)
TotalPageFile size 9709M (AvailPageFile size 5M)
current process WorkingSet (physical memory assigned to process): 314M, peak: 314M
current process commit charge ("private bytes"): 351M, peak: 351M

vm_info: OpenJDK 64-Bit Server VM (21.0.6+-13368085-b895.109) for windows-amd64 JRE (21.0.6+-13368085-b895.109), built on 2025-04-16T17:01:31Z by "builder" with MS VC++ 16.10 / 16.11 (VS2019)

END.
